-------------------------------------------------------------------------------
Test set: com.rg.test.BobcatSuite
-------------------------------------------------------------------------------
Tests run: 1, Failures: 0, Errors: 1, Skipped: 0, Time elapsed: 11.27 sec <<< FAILURE! - in com.rg.test.BobcatSuite
wikipediaSearchTest(com.rg.test.WikipediaTest)  Time elapsed: 1.019 sec  <<< ERROR!
com.google.inject.ProvisionException: Guice provision errors:

1) Error notifying InjectionListener com.cognifide.qa.bb.loadable.mapper.TestClassInjectionListener@2a32fdef of com.rg.test.WikipediaTest.
 Reason: java.lang.NullPointerException
  while locating com.rg.test.WikipediaTest
Caused by: java.lang.NullPointerException
	at com.cognifide.qa.bb.utils.AopUtil.getBaseClassForAopObject(AopUtil.java:32)
	at com.cognifide.qa.bb.loadable.context.LoadableContext.<init>(LoadableContext.java:33)
	at com.cognifide.qa.bb.loadable.context.ClassFieldContext.<init>(ClassFieldContext.java:32)
	at com.cognifide.qa.bb.loadable.hierarchy.ConditionsExplorer.lambda$processLoadableContextForClass$23(ConditionsExplorer.java:116)
	at java.util.ArrayList.forEach(ArrayList.java:1255)
	at com.cognifide.qa.bb.loadable.hierarchy.ConditionsExplorer.processLoadableContextForClass(ConditionsExplorer.java:107)
	at com.cognifide.qa.bb.loadable.hierarchy.ConditionsExplorer.registerLoadableContextHierarchyTree(ConditionsExplorer.java:95)
	at com.cognifide.qa.bb.loadable.mapper.TestClassInjectionListener.afterInjection(TestClassInjectionListener.java:33)
	at com.google.inject.internal.MembersInjectorImpl.notifyListeners(MembersInjectorImpl.java:97)
	at com.google.inject.internal.ConstructorInjector.construct(ConstructorInjector.java:95)
	at com.google.inject.internal.ConstructorBindingImpl$Factory.get(ConstructorBindingImpl.java:254)
	at com.google.inject.internal.InjectorImpl$4$1.call(InjectorImpl.java:978)
	at com.google.inject.internal.InjectorImpl.callInContext(InjectorImpl.java:1024)
	at com.google.inject.internal.InjectorImpl$4.get(InjectorImpl.java:974)
	at com.google.inject.internal.InjectorImpl.getInstance(InjectorImpl.java:1013)
	at com.cognifide.qa.bb.junit.TestRunner.createTest(TestRunner.java:97)
	at org.junit.runners.BlockJUnit4ClassRunner$1.runReflectiveCall(BlockJUnit4ClassRunner.java:266)
	at org.junit.internal.runners.model.ReflectiveCallable.run(ReflectiveCallable.java:12)
	at org.junit.runners.BlockJUnit4ClassRunner.methodBlock(BlockJUnit4ClassRunner.java:263)
	at com.cognifide.qa.bb.junit.TestRunner.runMethod(TestRunner.java:167)
	at com.cognifide.qa.bb.junit.TestRunner.runChild(TestRunner.java:127)
	at com.cognifide.qa.bb.junit.TestRunner.runChild(TestRunner.java:61)
	at org.junit.runners.ParentRunner$3.run(ParentRunner.java:290)
	at org.junit.runners.ParentRunner$1.schedule(ParentRunner.java:71)
	at org.junit.runners.ParentRunner.runChildren(ParentRunner.java:288)
	at org.junit.runners.ParentRunner.access$000(ParentRunner.java:58)
	at org.junit.runners.ParentRunner$2.evaluate(ParentRunner.java:268)
	at org.junit.runners.ParentRunner.run(ParentRunner.java:363)
	at com.cognifide.qa.bb.junit.TestRunner.run(TestRunner.java:140)
	at org.junit.runners.Suite.runChild(Suite.java:128)
	at org.junit.runners.Suite.runChild(Suite.java:27)
	at org.junit.runners.ParentRunner$3.run(ParentRunner.java:290)
	at java.util.concurrent.Executors$RunnableAdapter.call(Executors.java:511)
	at java.util.concurrent.FutureTask.run(FutureTask.java:266)
	at java.util.concurrent.Executors$RunnableAdapter.call(Executors.java:511)
	at java.util.concurrent.FutureTask.run(FutureTask.java:266)
	at java.util.concurrent.ThreadPoolExecutor.runWorker(ThreadPoolExecutor.java:1149)
	at java.util.concurrent.ThreadPoolExecutor$Worker.run(ThreadPoolExecutor.java:624)
	at java.lang.Thread.run(Thread.java:748)

2) Error in custom provider, java.lang.IllegalArgumentException: Browser name must be htmlunit
  while locating com.cognifide.qa.bb.provider.selenium.webdriver.WebDriverProvider
  while locating org.openqa.selenium.WebDriver
    for field at com.cognifide.qa.bb.scope.current.CurrentWebElementProvider.webDriver(CurrentWebElementProvider.java:41)
  while locating com.cognifide.qa.bb.scope.current.CurrentWebElementProvider
  while locating org.openqa.selenium.WebElement annotated with @com.cognifide.qa.bb.qualifier.CurrentScope()
    for field at com.rg.test.pageobjects.WikipediaPage.currentScope(WikipediaPage.java:10)
  while locating com.rg.test.pageobjects.WikipediaPage
    for field at com.rg.test.WikipediaTest.homePage(WikipediaTest.java:18)
  while locating com.rg.test.WikipediaTest
Caused by: java.lang.IllegalArgumentException: Browser name must be htmlunit
	at org.openqa.selenium.htmlunit.HtmlUnitDriver.determineBrowserVersion(HtmlUnitDriver.java:306)
	at org.openqa.selenium.htmlunit.HtmlUnitDriver.<init>(HtmlUnitDriver.java:271)
	at com.cognifide.qa.bb.provider.selenium.webdriver.WebDriverType$6.create(WebDriverType.java:89)
	at com.cognifide.qa.bb.provider.selenium.webdriver.WebDriverProvider.create(WebDriverProvider.java:107)
	at com.cognifide.qa.bb.provider.selenium.webdriver.WebDriverProvider.get(WebDriverProvider.java:98)
	at com.cognifide.qa.bb.provider.selenium.webdriver.WebDriverProvider.get(WebDriverProvider.java:48)
	at com.google.inject.internal.BoundProviderFactory.get(BoundProviderFactory.java:55)
	at com.google.inject.internal.SingleFieldInjector.inject(SingleFieldInjector.java:53)
	at com.google.inject.internal.MembersInjectorImpl.injectMembers(MembersInjectorImpl.java:110)
	at com.google.inject.internal.ConstructorInjector.construct(ConstructorInjector.java:94)
	at com.google.inject.internal.ConstructorBindingImpl$Factory.get(ConstructorBindingImpl.java:254)
	at com.google.inject.internal.BoundProviderFactory.get(BoundProviderFactory.java:53)
	at com.google.inject.internal.SingleFieldInjector.inject(SingleFieldInjector.java:53)
	at com.google.inject.internal.MembersInjectorImpl.injectMembers(MembersInjectorImpl.java:110)
	at com.google.inject.internal.ConstructorInjector.construct(ConstructorInjector.java:94)
	at com.google.inject.internal.ConstructorBindingImpl$Factory.get(ConstructorBindingImpl.java:254)
	at com.google.inject.internal.SingleFieldInjector.inject(SingleFieldInjector.java:53)
	at com.google.inject.internal.MembersInjectorImpl.injectMembers(MembersInjectorImpl.java:110)
	at com.google.inject.internal.ConstructorInjector.construct(ConstructorInjector.java:94)
	at com.google.inject.internal.ConstructorBindingImpl$Factory.get(ConstructorBindingImpl.java:254)
	at com.google.inject.internal.InjectorImpl$4$1.call(InjectorImpl.java:978)
	at com.google.inject.internal.InjectorImpl.callInContext(InjectorImpl.java:1024)
	at com.google.inject.internal.InjectorImpl$4.get(InjectorImpl.java:974)
	at com.google.inject.internal.InjectorImpl.getInstance(InjectorImpl.java:1013)
	at com.cognifide.qa.bb.junit.TestRunner.createTest(TestRunner.java:97)
	at org.junit.runners.BlockJUnit4ClassRunner$1.runReflectiveCall(BlockJUnit4ClassRunner.java:266)
	at org.junit.internal.runners.model.ReflectiveCallable.run(ReflectiveCallable.java:12)
	at org.junit.runners.BlockJUnit4ClassRunner.methodBlock(BlockJUnit4ClassRunner.java:263)
	at com.cognifide.qa.bb.junit.TestRunner.runMethod(TestRunner.java:167)
	at com.cognifide.qa.bb.junit.TestRunner.runChild(TestRunner.java:127)
	at com.cognifide.qa.bb.junit.TestRunner.runChild(TestRunner.java:61)
	at org.junit.runners.ParentRunner$3.run(ParentRunner.java:290)
	at org.junit.runners.ParentRunner$1.schedule(ParentRunner.java:71)
	at org.junit.runners.ParentRunner.runChildren(ParentRunner.java:288)
	at org.junit.runners.ParentRunner.access$000(ParentRunner.java:58)
	at org.junit.runners.ParentRunner$2.evaluate(ParentRunner.java:268)
	at org.junit.runners.ParentRunner.run(ParentRunner.java:363)
	at com.cognifide.qa.bb.junit.TestRunner.run(TestRunner.java:140)
	at org.junit.runners.Suite.runChild(Suite.java:128)
	at org.junit.runners.Suite.runChild(Suite.java:27)
	at org.junit.runners.ParentRunner$3.run(ParentRunner.java:290)
	at java.util.concurrent.Executors$RunnableAdapter.call(Executors.java:511)
	at java.util.concurrent.FutureTask.run(FutureTask.java:266)
	at java.util.concurrent.Executors$RunnableAdapter.call(Executors.java:511)
	at java.util.concurrent.FutureTask.run(FutureTask.java:266)
	at java.util.concurrent.ThreadPoolExecutor.runWorker(ThreadPoolExecutor.java:1149)
	at java.util.concurrent.ThreadPoolExecutor$Worker.run(ThreadPoolExecutor.java:624)
	at java.lang.Thread.run(Thread.java:748)

3) Error in custom provider, java.lang.IllegalArgumentException: Browser name must be htmlunit
  while locating com.cognifide.qa.bb.provider.selenium.webdriver.WebDriverProvider
  while locating org.openqa.selenium.WebDriver
    for field at com.rg.test.pageobjects.WikipediaPage.webDriver(WikipediaPage.java:10)
  while locating com.rg.test.pageobjects.WikipediaPage
    for field at com.rg.test.WikipediaTest.homePage(WikipediaTest.java:18)
  while locating com.rg.test.WikipediaTest
Caused by: java.lang.IllegalArgumentException: Browser name must be htmlunit
	at org.openqa.selenium.htmlunit.HtmlUnitDriver.determineBrowserVersion(HtmlUnitDriver.java:306)
	at org.openqa.selenium.htmlunit.HtmlUnitDriver.<init>(HtmlUnitDriver.java:271)
	at com.cognifide.qa.bb.provider.selenium.webdriver.WebDriverType$6.create(WebDriverType.java:89)
	at com.cognifide.qa.bb.provider.selenium.webdriver.WebDriverProvider.create(WebDriverProvider.java:107)
	at com.cognifide.qa.bb.provider.selenium.webdriver.WebDriverProvider.get(WebDriverProvider.java:98)
	at com.cognifide.qa.bb.provider.selenium.webdriver.WebDriverProvider.get(WebDriverProvider.java:48)
	at com.google.inject.internal.BoundProviderFactory.get(BoundProviderFactory.java:55)
	at com.google.inject.internal.SingleFieldInjector.inject(SingleFieldInjector.java:53)
	at com.google.inject.internal.MembersInjectorImpl.injectMembers(MembersInjectorImpl.java:110)
	at com.google.inject.internal.ConstructorInjector.construct(ConstructorInjector.java:94)
	at com.google.inject.internal.ConstructorBindingImpl$Factory.get(ConstructorBindingImpl.java:254)
	at com.google.inject.internal.SingleFieldInjector.inject(SingleFieldInjector.java:53)
	at com.google.inject.internal.MembersInjectorImpl.injectMembers(MembersInjectorImpl.java:110)
	at com.google.inject.internal.ConstructorInjector.construct(ConstructorInjector.java:94)
	at com.google.inject.internal.ConstructorBindingImpl$Factory.get(ConstructorBindingImpl.java:254)
	at com.google.inject.internal.InjectorImpl$4$1.call(InjectorImpl.java:978)
	at com.google.inject.internal.InjectorImpl.callInContext(InjectorImpl.java:1024)
	at com.google.inject.internal.InjectorImpl$4.get(InjectorImpl.java:974)
	at com.google.inject.internal.InjectorImpl.getInstance(InjectorImpl.java:1013)
	at com.cognifide.qa.bb.junit.TestRunner.createTest(TestRunner.java:97)
	at org.junit.runners.BlockJUnit4ClassRunner$1.runReflectiveCall(BlockJUnit4ClassRunner.java:266)
	at org.junit.internal.runners.model.ReflectiveCallable.run(ReflectiveCallable.java:12)
	at org.junit.runners.BlockJUnit4ClassRunner.methodBlock(BlockJUnit4ClassRunner.java:263)
	at com.cognifide.qa.bb.junit.TestRunner.runMethod(TestRunner.java:167)
	at com.cognifide.qa.bb.junit.TestRunner.runChild(TestRunner.java:127)
	at com.cognifide.qa.bb.junit.TestRunner.runChild(TestRunner.java:61)
	at org.junit.runners.ParentRunner$3.run(ParentRunner.java:290)
	at org.junit.runners.ParentRunner$1.schedule(ParentRunner.java:71)
	at org.junit.runners.ParentRunner.runChildren(ParentRunner.java:288)
	at org.junit.runners.ParentRunner.access$000(ParentRunner.java:58)
	at org.junit.runners.ParentRunner$2.evaluate(ParentRunner.java:268)
	at org.junit.runners.ParentRunner.run(ParentRunner.java:363)
	at com.cognifide.qa.bb.junit.TestRunner.run(TestRunner.java:140)
	at org.junit.runners.Suite.runChild(Suite.java:128)
	at org.junit.runners.Suite.runChild(Suite.java:27)
	at org.junit.runners.ParentRunner$3.run(ParentRunner.java:290)
	at java.util.concurrent.Executors$RunnableAdapter.call(Executors.java:511)
	at java.util.concurrent.FutureTask.run(FutureTask.java:266)
	at java.util.concurrent.Executors$RunnableAdapter.call(Executors.java:511)
	at java.util.concurrent.FutureTask.run(FutureTask.java:266)
	at java.util.concurrent.ThreadPoolExecutor.runWorker(ThreadPoolExecutor.java:1149)
	at java.util.concurrent.ThreadPoolExecutor$Worker.run(ThreadPoolExecutor.java:624)
	at java.lang.Thread.run(Thread.java:748)

4) Error in custom provider, java.lang.IllegalArgumentException: Browser name must be htmlunit
  while locating com.cognifide.qa.bb.provider.selenium.webdriver.WebDriverProvider
  while locating org.openqa.selenium.WebDriver
  while locating com.rg.test.pageobjects.WikipediaPage
    for field at com.rg.test.WikipediaTest.homePage(WikipediaTest.java:18)
  while locating com.rg.test.WikipediaTest
Caused by: java.lang.IllegalArgumentException: Browser name must be htmlunit
	at org.openqa.selenium.htmlunit.HtmlUnitDriver.determineBrowserVersion(HtmlUnitDriver.java:306)
	at org.openqa.selenium.htmlunit.HtmlUnitDriver.<init>(HtmlUnitDriver.java:271)
	at com.cognifide.qa.bb.provider.selenium.webdriver.WebDriverType$6.create(WebDriverType.java:89)
	at com.cognifide.qa.bb.provider.selenium.webdriver.WebDriverProvider.create(WebDriverProvider.java:107)
	at com.cognifide.qa.bb.provider.selenium.webdriver.WebDriverProvider.get(WebDriverProvider.java:98)
	at com.cognifide.qa.bb.provider.selenium.webdriver.WebDriverProvider.get(WebDriverProvider.java:48)
	at com.google.inject.internal.BoundProviderFactory.get(BoundProviderFactory.java:55)
	at com.google.inject.internal.InjectorImpl$4$1.call(InjectorImpl.java:978)
	at com.google.inject.internal.InjectorImpl.callInContext(InjectorImpl.java:1031)
	at com.google.inject.internal.InjectorImpl$4.get(InjectorImpl.java:974)
	at com.cognifide.qa.bb.mapper.PageObjectInjectorListener.getCurrentContext(PageObjectInjectorListener.java:148)
	at com.cognifide.qa.bb.mapper.PageObjectInjectorListener.getFramePath(PageObjectInjectorListener.java:97)
	at com.cognifide.qa.bb.mapper.PageObjectInjectorListener.setFramePath(PageObjectInjectorListener.java:90)
	at com.cognifide.qa.bb.mapper.PageObjectInjectorListener.afterInjection(PageObjectInjectorListener.java:83)
	at com.google.inject.internal.MembersInjectorImpl.notifyListeners(MembersInjectorImpl.java:97)
	at com.google.inject.internal.ConstructorInjector.construct(ConstructorInjector.java:95)
	at com.google.inject.internal.ConstructorBindingImpl$Factory.get(ConstructorBindingImpl.java:254)
	at com.google.inject.internal.SingleFieldInjector.inject(SingleFieldInjector.java:53)
	at com.google.inject.internal.MembersInjectorImpl.injectMembers(MembersInjectorImpl.java:110)
	at com.google.inject.internal.ConstructorInjector.construct(ConstructorInjector.java:94)
	at com.google.inject.internal.ConstructorBindingImpl$Factory.get(ConstructorBindingImpl.java:254)
	at com.google.inject.internal.InjectorImpl$4$1.call(InjectorImpl.java:978)
	at com.google.inject.internal.InjectorImpl.callInContext(InjectorImpl.java:1024)
	at com.google.inject.internal.InjectorImpl$4.get(InjectorImpl.java:974)
	at com.google.inject.internal.InjectorImpl.getInstance(InjectorImpl.java:1013)
	at com.cognifide.qa.bb.junit.TestRunner.createTest(TestRunner.java:97)
	at org.junit.runners.BlockJUnit4ClassRunner$1.runReflectiveCall(BlockJUnit4ClassRunner.java:266)
	at org.junit.internal.runners.model.ReflectiveCallable.run(ReflectiveCallable.java:12)
	at org.junit.runners.BlockJUnit4ClassRunner.methodBlock(BlockJUnit4ClassRunner.java:263)
	at com.cognifide.qa.bb.junit.TestRunner.runMethod(TestRunner.java:167)
	at com.cognifide.qa.bb.junit.TestRunner.runChild(TestRunner.java:127)
	at com.cognifide.qa.bb.junit.TestRunner.runChild(TestRunner.java:61)
	at org.junit.runners.ParentRunner$3.run(ParentRunner.java:290)
	at org.junit.runners.ParentRunner$1.schedule(ParentRunner.java:71)
	at org.junit.runners.ParentRunner.runChildren(ParentRunner.java:288)
	at org.junit.runners.ParentRunner.access$000(ParentRunner.java:58)
	at org.junit.runners.ParentRunner$2.evaluate(ParentRunner.java:268)
	at org.junit.runners.ParentRunner.run(ParentRunner.java:363)
	at com.cognifide.qa.bb.junit.TestRunner.run(TestRunner.java:140)
	at org.junit.runners.Suite.runChild(Suite.java:128)
	at org.junit.runners.Suite.runChild(Suite.java:27)
	at org.junit.runners.ParentRunner$3.run(ParentRunner.java:290)
	at java.util.concurrent.Executors$RunnableAdapter.call(Executors.java:511)
	at java.util.concurrent.FutureTask.run(FutureTask.java:266)
	at java.util.concurrent.Executors$RunnableAdapter.call(Executors.java:511)
	at java.util.concurrent.FutureTask.run(FutureTask.java:266)
	at java.util.concurrent.ThreadPoolExecutor.runWorker(ThreadPoolExecutor.java:1149)
	at java.util.concurrent.ThreadPoolExecutor$Worker.run(ThreadPoolExecutor.java:624)
	at java.lang.Thread.run(Thread.java:748)

5) Error in custom provider, java.lang.IllegalArgumentException: Browser name must be htmlunit
  while locating com.cognifide.qa.bb.provider.selenium.webdriver.WebDriverProvider
  while locating org.openqa.selenium.WebDriver
    for field at com.cognifide.qa.bb.scope.current.CurrentWebElementProvider.webDriver(CurrentWebElementProvider.java:41)
  while locating com.cognifide.qa.bb.scope.current.CurrentWebElementProvider
  while locating org.openqa.selenium.WebElement annotated with @com.cognifide.qa.bb.qualifier.CurrentScope()
    for field at com.rg.test.pageobjects.DefinitionPage.currentScope(DefinitionPage.java:9)
  while locating com.rg.test.pageobjects.DefinitionPage
    for field at com.rg.test.WikipediaTest.definitionPage(WikipediaTest.java:18)
  while locating com.rg.test.WikipediaTest
Caused by: java.lang.IllegalArgumentException: Browser name must be htmlunit
	at org.openqa.selenium.htmlunit.HtmlUnitDriver.determineBrowserVersion(HtmlUnitDriver.java:306)
	at org.openqa.selenium.htmlunit.HtmlUnitDriver.<init>(HtmlUnitDriver.java:271)
	at com.cognifide.qa.bb.provider.selenium.webdriver.WebDriverType$6.create(WebDriverType.java:89)
	at com.cognifide.qa.bb.provider.selenium.webdriver.WebDriverProvider.create(WebDriverProvider.java:107)
	at com.cognifide.qa.bb.provider.selenium.webdriver.WebDriverProvider.get(WebDriverProvider.java:98)
	at com.cognifide.qa.bb.provider.selenium.webdriver.WebDriverProvider.get(WebDriverProvider.java:48)
	at com.google.inject.internal.BoundProviderFactory.get(BoundProviderFactory.java:55)
	at com.google.inject.internal.SingleFieldInjector.inject(SingleFieldInjector.java:53)
	at com.google.inject.internal.MembersInjectorImpl.injectMembers(MembersInjectorImpl.java:110)
	at com.google.inject.internal.ConstructorInjector.construct(ConstructorInjector.java:94)
	at com.google.inject.internal.ConstructorBindingImpl$Factory.get(ConstructorBindingImpl.java:254)
	at com.google.inject.internal.BoundProviderFactory.get(BoundProviderFactory.java:53)
	at com.google.inject.internal.SingleFieldInjector.inject(SingleFieldInjector.java:53)
	at com.google.inject.internal.MembersInjectorImpl.injectMembers(MembersInjectorImpl.java:110)
	at com.google.inject.internal.ConstructorInjector.construct(ConstructorInjector.java:94)
	at com.google.inject.internal.ConstructorBindingImpl$Factory.get(ConstructorBindingImpl.java:254)
	at com.google.inject.internal.SingleFieldInjector.inject(SingleFieldInjector.java:53)
	at com.google.inject.internal.MembersInjectorImpl.injectMembers(MembersInjectorImpl.java:110)
	at com.google.inject.internal.ConstructorInjector.construct(ConstructorInjector.java:94)
	at com.google.inject.internal.ConstructorBindingImpl$Factory.get(ConstructorBindingImpl.java:254)
	at com.google.inject.internal.InjectorImpl$4$1.call(InjectorImpl.java:978)
	at com.google.inject.internal.InjectorImpl.callInContext(InjectorImpl.java:1024)
	at com.google.inject.internal.InjectorImpl$4.get(InjectorImpl.java:974)
	at com.google.inject.internal.InjectorImpl.getInstance(InjectorImpl.java:1013)
	at com.cognifide.qa.bb.junit.TestRunner.createTest(TestRunner.java:97)
	at org.junit.runners.BlockJUnit4ClassRunner$1.runReflectiveCall(BlockJUnit4ClassRunner.java:266)
	at org.junit.internal.runners.model.ReflectiveCallable.run(ReflectiveCallable.java:12)
	at org.junit.runners.BlockJUnit4ClassRunner.methodBlock(BlockJUnit4ClassRunner.java:263)
	at com.cognifide.qa.bb.junit.TestRunner.runMethod(TestRunner.java:167)
	at com.cognifide.qa.bb.junit.TestRunner.runChild(TestRunner.java:127)
	at com.cognifide.qa.bb.junit.TestRunner.runChild(TestRunner.java:61)
	at org.junit.runners.ParentRunner$3.run(ParentRunner.java:290)
	at org.junit.runners.ParentRunner$1.schedule(ParentRunner.java:71)
	at org.junit.runners.ParentRunner.runChildren(ParentRunner.java:288)
	at org.junit.runners.ParentRunner.access$000(ParentRunner.java:58)
	at org.junit.runners.ParentRunner$2.evaluate(ParentRunner.java:268)
	at org.junit.runners.ParentRunner.run(ParentRunner.java:363)
	at com.cognifide.qa.bb.junit.TestRunner.run(TestRunner.java:140)
	at org.junit.runners.Suite.runChild(Suite.java:128)
	at org.junit.runners.Suite.runChild(Suite.java:27)
	at org.junit.runners.ParentRunner$3.run(ParentRunner.java:290)
	at java.util.concurrent.Executors$RunnableAdapter.call(Executors.java:511)
	at java.util.concurrent.FutureTask.run(FutureTask.java:266)
	at java.util.concurrent.Executors$RunnableAdapter.call(Executors.java:511)
	at java.util.concurrent.FutureTask.run(FutureTask.java:266)
	at java.util.concurrent.ThreadPoolExecutor.runWorker(ThreadPoolExecutor.java:1149)
	at java.util.concurrent.ThreadPoolExecutor$Worker.run(ThreadPoolExecutor.java:624)
	at java.lang.Thread.run(Thread.java:748)

6) Error in custom provider, java.lang.IllegalArgumentException: Browser name must be htmlunit
  while locating com.cognifide.qa.bb.provider.selenium.webdriver.WebDriverProvider
  while locating org.openqa.selenium.WebDriver
  while locating com.rg.test.pageobjects.DefinitionPage
    for field at com.rg.test.WikipediaTest.definitionPage(WikipediaTest.java:18)
  while locating com.rg.test.WikipediaTest
Caused by: java.lang.IllegalArgumentException: Browser name must be htmlunit
	at org.openqa.selenium.htmlunit.HtmlUnitDriver.determineBrowserVersion(HtmlUnitDriver.java:306)
	at org.openqa.selenium.htmlunit.HtmlUnitDriver.<init>(HtmlUnitDriver.java:271)
	at com.cognifide.qa.bb.provider.selenium.webdriver.WebDriverType$6.create(WebDriverType.java:89)
	at com.cognifide.qa.bb.provider.selenium.webdriver.WebDriverProvider.create(WebDriverProvider.java:107)
	at com.cognifide.qa.bb.provider.selenium.webdriver.WebDriverProvider.get(WebDriverProvider.java:98)
	at com.cognifide.qa.bb.provider.selenium.webdriver.WebDriverProvider.get(WebDriverProvider.java:48)
	at com.google.inject.internal.BoundProviderFactory.get(BoundProviderFactory.java:55)
	at com.google.inject.internal.InjectorImpl$4$1.call(InjectorImpl.java:978)
	at com.google.inject.internal.InjectorImpl.callInContext(InjectorImpl.java:1031)
	at com.google.inject.internal.InjectorImpl$4.get(InjectorImpl.java:974)
	at com.cognifide.qa.bb.mapper.PageObjectInjectorListener.getCurrentContext(PageObjectInjectorListener.java:148)
	at com.cognifide.qa.bb.mapper.PageObjectInjectorListener.getFramePath(PageObjectInjectorListener.java:97)
	at com.cognifide.qa.bb.mapper.PageObjectInjectorListener.setFramePath(PageObjectInjectorListener.java:90)
	at com.cognifide.qa.bb.mapper.PageObjectInjectorListener.afterInjection(PageObjectInjectorListener.java:83)
	at com.google.inject.internal.MembersInjectorImpl.notifyListeners(MembersInjectorImpl.java:97)
	at com.google.inject.internal.ConstructorInjector.construct(ConstructorInjector.java:95)
	at com.google.inject.internal.ConstructorBindingImpl$Factory.get(ConstructorBindingImpl.java:254)
	at com.google.inject.internal.SingleFieldInjector.inject(SingleFieldInjector.java:53)
	at com.google.inject.internal.MembersInjectorImpl.injectMembers(MembersInjectorImpl.java:110)
	at com.google.inject.internal.ConstructorInjector.construct(ConstructorInjector.java:94)
	at com.google.inject.internal.ConstructorBindingImpl$Factory.get(ConstructorBindingImpl.java:254)
	at com.google.inject.internal.InjectorImpl$4$1.call(InjectorImpl.java:978)
	at com.google.inject.internal.InjectorImpl.callInContext(InjectorImpl.java:1024)
	at com.google.inject.internal.InjectorImpl$4.get(InjectorImpl.java:974)
	at com.google.inject.internal.InjectorImpl.getInstance(InjectorImpl.java:1013)
	at com.cognifide.qa.bb.junit.TestRunner.createTest(TestRunner.java:97)
	at org.junit.runners.BlockJUnit4ClassRunner$1.runReflectiveCall(BlockJUnit4ClassRunner.java:266)
	at org.junit.internal.runners.model.ReflectiveCallable.run(ReflectiveCallable.java:12)
	at org.junit.runners.BlockJUnit4ClassRunner.methodBlock(BlockJUnit4ClassRunner.java:263)
	at com.cognifide.qa.bb.junit.TestRunner.runMethod(TestRunner.java:167)
	at com.cognifide.qa.bb.junit.TestRunner.runChild(TestRunner.java:127)
	at com.cognifide.qa.bb.junit.TestRunner.runChild(TestRunner.java:61)
	at org.junit.runners.ParentRunner$3.run(ParentRunner.java:290)
	at org.junit.runners.ParentRunner$1.schedule(ParentRunner.java:71)
	at org.junit.runners.ParentRunner.runChildren(ParentRunner.java:288)
	at org.junit.runners.ParentRunner.access$000(ParentRunner.java:58)
	at org.junit.runners.ParentRunner$2.evaluate(ParentRunner.java:268)
	at org.junit.runners.ParentRunner.run(ParentRunner.java:363)
	at com.cognifide.qa.bb.junit.TestRunner.run(TestRunner.java:140)
	at org.junit.runners.Suite.runChild(Suite.java:128)
	at org.junit.runners.Suite.runChild(Suite.java:27)
	at org.junit.runners.ParentRunner$3.run(ParentRunner.java:290)
	at java.util.concurrent.Executors$RunnableAdapter.call(Executors.java:511)
	at java.util.concurrent.FutureTask.run(FutureTask.java:266)
	at java.util.concurrent.Executors$RunnableAdapter.call(Executors.java:511)
	at java.util.concurrent.FutureTask.run(FutureTask.java:266)
	at java.util.concurrent.ThreadPoolExecutor.runWorker(ThreadPoolExecutor.java:1149)
	at java.util.concurrent.ThreadPoolExecutor$Worker.run(ThreadPoolExecutor.java:624)
	at java.lang.Thread.run(Thread.java:748)

7) Error in custom provider, java.lang.NullPointerException
  while locating com.cognifide.qa.bb.scope.current.CurrentWebElementProvider
  while locating org.openqa.selenium.WebElement annotated with @com.cognifide.qa.bb.qualifier.CurrentScope()
    for field at com.rg.test.pageobjects.WikipediaPage.currentScope(WikipediaPage.java:10)
  while locating com.rg.test.pageobjects.WikipediaPage
    for field at com.rg.test.WikipediaTest.homePage(WikipediaTest.java:18)
  while locating com.rg.test.WikipediaTest
Caused by: java.lang.NullPointerException
	at com.cognifide.qa.bb.scope.current.CurrentWebElementProvider.getTopElement(CurrentWebElementProvider.java:73)
	at com.cognifide.qa.bb.scope.current.CurrentWebElementProvider.get(CurrentWebElementProvider.java:55)
	at com.cognifide.qa.bb.scope.current.CurrentWebElementProvider.get(CurrentWebElementProvider.java:41)
	at com.google.inject.internal.BoundProviderFactory.get(BoundProviderFactory.java:55)
	at com.google.inject.internal.SingleFieldInjector.inject(SingleFieldInjector.java:53)
	at com.google.inject.internal.MembersInjectorImpl.injectMembers(MembersInjectorImpl.java:110)
	at com.google.inject.internal.ConstructorInjector.construct(ConstructorInjector.java:94)
	at com.google.inject.internal.ConstructorBindingImpl$Factory.get(ConstructorBindingImpl.java:254)
	at com.google.inject.internal.SingleFieldInjector.inject(SingleFieldInjector.java:53)
	at com.google.inject.internal.MembersInjectorImpl.injectMembers(MembersInjectorImpl.java:110)
	at com.google.inject.internal.ConstructorInjector.construct(ConstructorInjector.java:94)
	at com.google.inject.internal.ConstructorBindingImpl$Factory.get(ConstructorBindingImpl.java:254)
	at com.google.inject.internal.InjectorImpl$4$1.call(InjectorImpl.java:978)
	at com.google.inject.internal.InjectorImpl.callInContext(InjectorImpl.java:1024)
	at com.google.inject.internal.InjectorImpl$4.get(InjectorImpl.java:974)
	at com.google.inject.internal.InjectorImpl.getInstance(InjectorImpl.java:1013)
	at com.cognifide.qa.bb.junit.TestRunner.createTest(TestRunner.java:97)
	at org.junit.runners.BlockJUnit4ClassRunner$1.runReflectiveCall(BlockJUnit4ClassRunner.java:266)
	at org.junit.internal.runners.model.ReflectiveCallable.run(ReflectiveCallable.java:12)
	at org.junit.runners.BlockJUnit4ClassRunner.methodBlock(BlockJUnit4ClassRunner.java:263)
	at com.cognifide.qa.bb.junit.TestRunner.runMethod(TestRunner.java:167)
	at com.cognifide.qa.bb.junit.TestRunner.runChild(TestRunner.java:127)
	at com.cognifide.qa.bb.junit.TestRunner.runChild(TestRunner.java:61)
	at org.junit.runners.ParentRunner$3.run(ParentRunner.java:290)
	at org.junit.runners.ParentRunner$1.schedule(ParentRunner.java:71)
	at org.junit.runners.ParentRunner.runChildren(ParentRunner.java:288)
	at org.junit.runners.ParentRunner.access$000(ParentRunner.java:58)
	at org.junit.runners.ParentRunner$2.evaluate(ParentRunner.java:268)
	at org.junit.runners.ParentRunner.run(ParentRunner.java:363)
	at com.cognifide.qa.bb.junit.TestRunner.run(TestRunner.java:140)
	at org.junit.runners.Suite.runChild(Suite.java:128)
	at org.junit.runners.Suite.runChild(Suite.java:27)
	at org.junit.runners.ParentRunner$3.run(ParentRunner.java:290)
	at java.util.concurrent.Executors$RunnableAdapter.call(Executors.java:511)
	at java.util.concurrent.FutureTask.run(FutureTask.java:266)
	at java.util.concurrent.Executors$RunnableAdapter.call(Executors.java:511)
	at java.util.concurrent.FutureTask.run(FutureTask.java:266)
	at java.util.concurrent.ThreadPoolExecutor.runWorker(ThreadPoolExecutor.java:1149)
	at java.util.concurrent.ThreadPoolExecutor$Worker.run(ThreadPoolExecutor.java:624)
	at java.lang.Thread.run(Thread.java:748)

8) Error in custom provider, java.lang.NullPointerException
  while locating com.cognifide.qa.bb.scope.current.CurrentWebElementProvider
  while locating org.openqa.selenium.WebElement annotated with @com.cognifide.qa.bb.qualifier.CurrentScope()
    for field at com.rg.test.pageobjects.DefinitionPage.currentScope(DefinitionPage.java:9)
  while locating com.rg.test.pageobjects.DefinitionPage
    for field at com.rg.test.WikipediaTest.definitionPage(WikipediaTest.java:18)
  while locating com.rg.test.WikipediaTest
Caused by: java.lang.NullPointerException
	at com.cognifide.qa.bb.scope.current.CurrentWebElementProvider.getTopElement(CurrentWebElementProvider.java:73)
	at com.cognifide.qa.bb.scope.current.CurrentWebElementProvider.get(CurrentWebElementProvider.java:55)
	at com.cognifide.qa.bb.scope.current.CurrentWebElementProvider.get(CurrentWebElementProvider.java:41)
	at com.google.inject.internal.BoundProviderFactory.get(BoundProviderFactory.java:55)
	at com.google.inject.internal.SingleFieldInjector.inject(SingleFieldInjector.java:53)
	at com.google.inject.internal.MembersInjectorImpl.injectMembers(MembersInjectorImpl.java:110)
	at com.google.inject.internal.ConstructorInjector.construct(ConstructorInjector.java:94)
	at com.google.inject.internal.ConstructorBindingImpl$Factory.get(ConstructorBindingImpl.java:254)
	at com.google.inject.internal.SingleFieldInjector.inject(SingleFieldInjector.java:53)
	at com.google.inject.internal.MembersInjectorImpl.injectMembers(MembersInjectorImpl.java:110)
	at com.google.inject.internal.ConstructorInjector.construct(ConstructorInjector.java:94)
	at com.google.inject.internal.ConstructorBindingImpl$Factory.get(ConstructorBindingImpl.java:254)
	at com.google.inject.internal.InjectorImpl$4$1.call(InjectorImpl.java:978)
	at com.google.inject.internal.InjectorImpl.callInContext(InjectorImpl.java:1024)
	at com.google.inject.internal.InjectorImpl$4.get(InjectorImpl.java:974)
	at com.google.inject.internal.InjectorImpl.getInstance(InjectorImpl.java:1013)
	at com.cognifide.qa.bb.junit.TestRunner.createTest(TestRunner.java:97)
	at org.junit.runners.BlockJUnit4ClassRunner$1.runReflectiveCall(BlockJUnit4ClassRunner.java:266)
	at org.junit.internal.runners.model.ReflectiveCallable.run(ReflectiveCallable.java:12)
	at org.junit.runners.BlockJUnit4ClassRunner.methodBlock(BlockJUnit4ClassRunner.java:263)
	at com.cognifide.qa.bb.junit.TestRunner.runMethod(TestRunner.java:167)
	at com.cognifide.qa.bb.junit.TestRunner.runChild(TestRunner.java:127)
	at com.cognifide.qa.bb.junit.TestRunner.runChild(TestRunner.java:61)
	at org.junit.runners.ParentRunner$3.run(ParentRunner.java:290)
	at org.junit.runners.ParentRunner$1.schedule(ParentRunner.java:71)
	at org.junit.runners.ParentRunner.runChildren(ParentRunner.java:288)
	at org.junit.runners.ParentRunner.access$000(ParentRunner.java:58)
	at org.junit.runners.ParentRunner$2.evaluate(ParentRunner.java:268)
	at org.junit.runners.ParentRunner.run(ParentRunner.java:363)
	at com.cognifide.qa.bb.junit.TestRunner.run(TestRunner.java:140)
	at org.junit.runners.Suite.runChild(Suite.java:128)
	at org.junit.runners.Suite.runChild(Suite.java:27)
	at org.junit.runners.ParentRunner$3.run(ParentRunner.java:290)
	at java.util.concurrent.Executors$RunnableAdapter.call(Executors.java:511)
	at java.util.concurrent.FutureTask.run(FutureTask.java:266)
	at java.util.concurrent.Executors$RunnableAdapter.call(Executors.java:511)
	at java.util.concurrent.FutureTask.run(FutureTask.java:266)
	at java.util.concurrent.ThreadPoolExecutor.runWorker(ThreadPoolExecutor.java:1149)
	at java.util.concurrent.ThreadPoolExecutor$Worker.run(ThreadPoolExecutor.java:624)
	at java.lang.Thread.run(Thread.java:748)

8 errors
	at com.google.inject.internal.InjectorImpl$4.get(InjectorImpl.java:987)
	at com.google.inject.internal.InjectorImpl.getInstance(InjectorImpl.java:1013)
	at com.cognifide.qa.bb.junit.TestRunner.createTest(TestRunner.java:97)
	at org.junit.runners.BlockJUnit4ClassRunner$1.runReflectiveCall(BlockJUnit4ClassRunner.java:266)
	at org.junit.internal.runners.model.ReflectiveCallable.run(ReflectiveCallable.java:12)
	at org.junit.runners.BlockJUnit4ClassRunner.methodBlock(BlockJUnit4ClassRunner.java:263)
	at com.cognifide.qa.bb.junit.TestRunner.runMethod(TestRunner.java:167)
	at com.cognifide.qa.bb.junit.TestRunner.runChild(TestRunner.java:127)
	at com.cognifide.qa.bb.junit.TestRunner.runChild(TestRunner.java:61)
	at org.junit.runners.ParentRunner$3.run(ParentRunner.java:290)
	at org.junit.runners.ParentRunner$1.schedule(ParentRunner.java:71)
	at org.junit.runners.ParentRunner.runChildren(ParentRunner.java:288)
	at org.junit.runners.ParentRunner.access$000(ParentRunner.java:58)
	at org.junit.runners.ParentRunner$2.evaluate(ParentRunner.java:268)
	at org.junit.runners.ParentRunner.run(ParentRunner.java:363)
	at com.cognifide.qa.bb.junit.TestRunner.run(TestRunner.java:140)
	at org.junit.runners.Suite.runChild(Suite.java:128)
	at org.junit.runners.Suite.runChild(Suite.java:27)
	at org.junit.runners.ParentRunner$3.run(ParentRunner.java:290)
	at java.util.concurrent.Executors$RunnableAdapter.call(Executors.java:511)
	at java.util.concurrent.FutureTask.run(FutureTask.java:266)
	at java.util.concurrent.Executors$RunnableAdapter.call(Executors.java:511)
	at java.util.concurrent.FutureTask.run(FutureTask.java:266)
	at java.util.concurrent.ThreadPoolExecutor.runWorker(ThreadPoolExecutor.java:1149)
	at java.util.concurrent.ThreadPoolExecutor$Worker.run(ThreadPoolExecutor.java:624)
	at java.lang.Thread.run(Thread.java:748)

