<?xml version="1.0" encoding="UTF-8"?>
<testsuite name="com.rg.test.BobcatSuite" time="1.019" tests="1" errors="1" skipped="0" failures="0">
  <properties>
    <property name="java.runtime.name" value="Java(TM) SE Runtime Environment"/>
    <property name="sun.boot.library.path" value="/Library/Java/JavaVirtualMachines/jdk1.8.0_151.jdk/Contents/Home/jre/lib"/>
    <property name="java.vm.version" value="25.151-b12"/>
    <property name="user.country.format" value="IN"/>
    <property name="gopherProxySet" value="false"/>
    <property name="java.vm.vendor" value="Oracle Corporation"/>
    <property name="maven.multiModuleProjectDirectory" value="/Rajeshgopal/garage/pipeline-demo/SeleniumTest"/>
    <property name="java.vendor.url" value="http://java.oracle.com/"/>
    <property name="path.separator" value=":"/>
    <property name="guice.disable.misplaced.annotation.check" value="true"/>
    <property name="java.vm.name" value="Java HotSpot(TM) 64-Bit Server VM"/>
    <property name="file.encoding.pkg" value="sun.io"/>
    <property name="user.country" value="US"/>
    <property name="sun.java.launcher" value="SUN_STANDARD"/>
    <property name="sun.os.patch.level" value="unknown"/>
    <property name="java.vm.specification.name" value="Java Virtual Machine Specification"/>
    <property name="user.dir" value="/Rajeshgopal/garage/pipeline-demo/SeleniumTest"/>
    <property name="webdriver.type" value="gecko"/>
    <property name="java.runtime.version" value="1.8.0_151-b12"/>
    <property name="java.awt.graphicsenv" value="sun.awt.CGraphicsEnvironment"/>
    <property name="java.endorsed.dirs" value="/Library/Java/JavaVirtualMachines/jdk1.8.0_151.jdk/Contents/Home/jre/lib/endorsed"/>
    <property name="os.arch" value="x86_64"/>
    <property name="java.io.tmpdir" value="/var/folders/fx/c2djfmv90vl1wz4xnbkmh20r0000gn/T/"/>
    <property name="line.separator" value="&#10;"/>
    <property name="java.vm.specification.vendor" value="Oracle Corporation"/>
    <property name="os.name" value="Mac OS X"/>
    <property name="classworlds.conf" value="/Rajeshgopal/tools/apache-maven-3.5.2/bin/m2.conf"/>
    <property name="sun.jnu.encoding" value="UTF-8"/>
    <property name="java.library.path" value="/Users/ALIPL0200/Library/Java/Extensions:/Library/Java/Extensions:/Network/Library/Java/Extensions:/System/Library/Java/Extensions:/usr/lib/java:."/>
    <property name="maven.conf" value="/Rajeshgopal/tools/apache-maven-3.5.2/conf"/>
    <property name="java.specification.name" value="Java Platform API Specification"/>
    <property name="java.class.version" value="52.0"/>
    <property name="sun.management.compiler" value="HotSpot 64-Bit Tiered Compilers"/>
    <property name="os.version" value="10.13.2"/>
    <property name="http.nonProxyHosts" value="local|*.local|169.254/16|*.169.254/16"/>
    <property name="library.jansi.path" value="/Rajeshgopal/tools/apache-maven-3.5.2/lib/jansi-native"/>
    <property name="user.home" value="/Users/ALIPL0200"/>
    <property name="user.timezone" value="Asia/Kolkata"/>
    <property name="java.awt.printerjob" value="sun.lwawt.macosx.CPrinterJob"/>
    <property name="java.specification.version" value="1.8"/>
    <property name="file.encoding" value="UTF-8"/>
    <property name="user.name" value="ALIPL0200"/>
    <property name="java.class.path" value="/Rajeshgopal/tools/apache-maven-3.5.2/boot/plexus-classworlds-2.5.2.jar"/>
    <property name="java.vm.specification.version" value="1.8"/>
    <property name="sun.arch.data.model" value="64"/>
    <property name="java.home" value="/Library/Java/JavaVirtualMachines/jdk1.8.0_151.jdk/Contents/Home/jre"/>
    <property name="sun.java.command" value="org.codehaus.plexus.classworlds.launcher.Launcher clean test -Dwebdriver.type=gecko -Dwebdriver.chrome.driver=../geckodriver"/>
    <property name="java.specification.vendor" value="Oracle Corporation"/>
    <property name="user.language" value="en"/>
    <property name="awt.toolkit" value="sun.lwawt.macosx.LWCToolkit"/>
    <property name="java.vm.info" value="mixed mode"/>
    <property name="java.version" value="1.8.0_151"/>
    <property name="java.ext.dirs" value="/Users/ALIPL0200/Library/Java/Extensions:/Library/Java/JavaVirtualMachines/jdk1.8.0_151.jdk/Contents/Home/jre/lib/ext:/Library/Java/Extensions:/Network/Library/Java/Extensions:/System/Library/Java/Extensions:/usr/lib/java"/>
    <property name="sun.boot.class.path" value="/Library/Java/JavaVirtualMachines/jdk1.8.0_151.jdk/Contents/Home/jre/lib/resources.jar:/Library/Java/JavaVirtualMachines/jdk1.8.0_151.jdk/Contents/Home/jre/lib/rt.jar:/Library/Java/JavaVirtualMachines/jdk1.8.0_151.jdk/Contents/Home/jre/lib/sunrsasign.jar:/Library/Java/JavaVirtualMachines/jdk1.8.0_151.jdk/Contents/Home/jre/lib/jsse.jar:/Library/Java/JavaVirtualMachines/jdk1.8.0_151.jdk/Contents/Home/jre/lib/jce.jar:/Library/Java/JavaVirtualMachines/jdk1.8.0_151.jdk/Contents/Home/jre/lib/charsets.jar:/Library/Java/JavaVirtualMachines/jdk1.8.0_151.jdk/Contents/Home/jre/lib/jfr.jar:/Library/Java/JavaVirtualMachines/jdk1.8.0_151.jdk/Contents/Home/jre/classes"/>
    <property name="webdriver.chrome.driver" value="../geckodriver"/>
    <property name="java.vendor" value="Oracle Corporation"/>
    <property name="maven.home" value="/Rajeshgopal/tools/apache-maven-3.5.2"/>
    <property name="file.separator" value="/"/>
    <property name="java.vendor.url.bug" value="http://bugreport.sun.com/bugreport/"/>
    <property name="sun.cpu.endian" value="little"/>
    <property name="sun.io.unicode.encoding" value="UnicodeBig"/>
    <property name="socksNonProxyHosts" value="local|*.local|169.254/16|*.169.254/16"/>
    <property name="ftp.nonProxyHosts" value="local|*.local|169.254/16|*.169.254/16"/>
    <property name="sun.cpu.isalist" value=""/>
  </properties>
  <testcase name="wikipediaSearchTest" classname="com.rg.test.WikipediaTest" time="1.019">
    <error message="Guice provision errors:&#10;&#10;1) Error notifying InjectionListener com.cognifide.qa.bb.loadable.mapper.TestClassInjectionListener@2a32fdef of com.rg.test.WikipediaTest.&#10; Reason: java.lang.NullPointerException&#10;  while locating com.rg.test.WikipediaTest&#10;Caused by: java.lang.NullPointerException&#10;	at com.cognifide.qa.bb.utils.AopUtil.getBaseClassForAopObject(AopUtil.java:32)&#10;	at com.cognifide.qa.bb.loadable.context.LoadableContext.&lt;init&gt;(LoadableContext.java:33)&#10;	at com.cognifide.qa.bb.loadable.context.ClassFieldContext.&lt;init&gt;(ClassFieldContext.java:32)&#10;	at com.cognifide.qa.bb.loadable.hierarchy.ConditionsExplorer.lambda$processLoadableContextForClass$23(ConditionsExplorer.java:116)&#10;	at java.util.ArrayList.forEach(ArrayList.java:1255)&#10;	at com.cognifide.qa.bb.loadable.hierarchy.ConditionsExplorer.processLoadableContextForClass(ConditionsExplorer.java:107)&#10;	at com.cognifide.qa.bb.loadable.hierarchy.ConditionsExplorer.registerLoadableContextHierarchyTree(ConditionsExplorer.java:95)&#10;	at com.cognifide.qa.bb.loadable.mapper.TestClassInjectionListener.afterInjection(TestClassInjectionListener.java:33)&#10;	at com.google.inject.internal.MembersInjectorImpl.notifyListeners(MembersInjectorImpl.java:97)&#10;	at com.google.inject.internal.ConstructorInjector.construct(ConstructorInjector.java:95)&#10;	at com.google.inject.internal.ConstructorBindingImpl$Factory.get(ConstructorBindingImpl.java:254)&#10;	at com.google.inject.internal.InjectorImpl$4$1.call(InjectorImpl.java:978)&#10;	at com.google.inject.internal.InjectorImpl.callInContext(InjectorImpl.java:1024)&#10;	at com.google.inject.internal.InjectorImpl$4.get(InjectorImpl.java:974)&#10;	at com.google.inject.internal.InjectorImpl.getInstance(InjectorImpl.java:1013)&#10;	at com.cognifide.qa.bb.junit.TestRunner.createTest(TestRunner.java:97)&#10;	at org.junit.runners.BlockJUnit4ClassRunner$1.runReflectiveCall(BlockJUnit4ClassRunner.java:266)&#10;	at org.junit.internal.runners.model.ReflectiveCallable.run(ReflectiveCallable.java:12)&#10;	at org.junit.runners.BlockJUnit4ClassRunner.methodBlock(BlockJUnit4ClassRunner.java:263)&#10;	at com.cognifide.qa.bb.junit.TestRunner.runMethod(TestRunner.java:167)&#10;	at com.cognifide.qa.bb.junit.TestRunner.runChild(TestRunner.java:127)&#10;	at com.cognifide.qa.bb.junit.TestRunner.runChild(TestRunner.java:61)&#10;	at org.junit.runners.ParentRunner$3.run(ParentRunner.java:290)&#10;	at org.junit.runners.ParentRunner$1.schedule(ParentRunner.java:71)&#10;	at org.junit.runners.ParentRunner.runChildren(ParentRunner.java:288)&#10;	at org.junit.runners.ParentRunner.access$000(ParentRunner.java:58)&#10;	at org.junit.runners.ParentRunner$2.evaluate(ParentRunner.java:268)&#10;	at org.junit.runners.ParentRunner.run(ParentRunner.java:363)&#10;	at com.cognifide.qa.bb.junit.TestRunner.run(TestRunner.java:140)&#10;	at org.junit.runners.Suite.runChild(Suite.java:128)&#10;	at org.junit.runners.Suite.runChild(Suite.java:27)&#10;	at org.junit.runners.ParentRunner$3.run(ParentRunner.java:290)&#10;	at java.util.concurrent.Executors$RunnableAdapter.call(Executors.java:511)&#10;	at java.util.concurrent.FutureTask.run(FutureTask.java:266)&#10;	at java.util.concurrent.Executors$RunnableAdapter.call(Executors.java:511)&#10;	at java.util.concurrent.FutureTask.run(FutureTask.java:266)&#10;	at java.util.concurrent.ThreadPoolExecutor.runWorker(ThreadPoolExecutor.java:1149)&#10;	at java.util.concurrent.ThreadPoolExecutor$Worker.run(ThreadPoolExecutor.java:624)&#10;	at java.lang.Thread.run(Thread.java:748)&#10;&#10;2) Error in custom provider, java.lang.IllegalArgumentException: Browser name must be htmlunit&#10;  while locating com.cognifide.qa.bb.provider.selenium.webdriver.WebDriverProvider&#10;  while locating org.openqa.selenium.WebDriver&#10;    for field at com.cognifide.qa.bb.scope.current.CurrentWebElementProvider.webDriver(CurrentWebElementProvider.java:41)&#10;  while locating com.cognifide.qa.bb.scope.current.CurrentWebElementProvider&#10;  while locating org.openqa.selenium.WebElement annotated with @com.cognifide.qa.bb.qualifier.CurrentScope()&#10;    for field at com.rg.test.pageobjects.WikipediaPage.currentScope(WikipediaPage.java:10)&#10;  while locating com.rg.test.pageobjects.WikipediaPage&#10;    for field at com.rg.test.WikipediaTest.homePage(WikipediaTest.java:18)&#10;  while locating com.rg.test.WikipediaTest&#10;Caused by: java.lang.IllegalArgumentException: Browser name must be htmlunit&#10;	at org.openqa.selenium.htmlunit.HtmlUnitDriver.determineBrowserVersion(HtmlUnitDriver.java:306)&#10;	at org.openqa.selenium.htmlunit.HtmlUnitDriver.&lt;init&gt;(HtmlUnitDriver.java:271)&#10;	at com.cognifide.qa.bb.provider.selenium.webdriver.WebDriverType$6.create(WebDriverType.java:89)&#10;	at com.cognifide.qa.bb.provider.selenium.webdriver.WebDriverProvider.create(WebDriverProvider.java:107)&#10;	at com.cognifide.qa.bb.provider.selenium.webdriver.WebDriverProvider.get(WebDriverProvider.java:98)&#10;	at com.cognifide.qa.bb.provider.selenium.webdriver.WebDriverProvider.get(WebDriverProvider.java:48)&#10;	at com.google.inject.internal.BoundProviderFactory.get(BoundProviderFactory.java:55)&#10;	at com.google.inject.internal.SingleFieldInjector.inject(SingleFieldInjector.java:53)&#10;	at com.google.inject.internal.MembersInjectorImpl.injectMembers(MembersInjectorImpl.java:110)&#10;	at com.google.inject.internal.ConstructorInjector.construct(ConstructorInjector.java:94)&#10;	at com.google.inject.internal.ConstructorBindingImpl$Factory.get(ConstructorBindingImpl.java:254)&#10;	at com.google.inject.internal.BoundProviderFactory.get(BoundProviderFactory.java:53)&#10;	at com.google.inject.internal.SingleFieldInjector.inject(SingleFieldInjector.java:53)&#10;	at com.google.inject.internal.MembersInjectorImpl.injectMembers(MembersInjectorImpl.java:110)&#10;	at com.google.inject.internal.ConstructorInjector.construct(ConstructorInjector.java:94)&#10;	at com.google.inject.internal.ConstructorBindingImpl$Factory.get(ConstructorBindingImpl.java:254)&#10;	at com.google.inject.internal.SingleFieldInjector.inject(SingleFieldInjector.java:53)&#10;	at com.google.inject.internal.MembersInjectorImpl.injectMembers(MembersInjectorImpl.java:110)&#10;	at com.google.inject.internal.ConstructorInjector.construct(ConstructorInjector.java:94)&#10;	at com.google.inject.internal.ConstructorBindingImpl$Factory.get(ConstructorBindingImpl.java:254)&#10;	at com.google.inject.internal.InjectorImpl$4$1.call(InjectorImpl.java:978)&#10;	at com.google.inject.internal.InjectorImpl.callInContext(InjectorImpl.java:1024)&#10;	at com.google.inject.internal.InjectorImpl$4.get(InjectorImpl.java:974)&#10;	at com.google.inject.internal.InjectorImpl.getInstance(InjectorImpl.java:1013)&#10;	at com.cognifide.qa.bb.junit.TestRunner.createTest(TestRunner.java:97)&#10;	at org.junit.runners.BlockJUnit4ClassRunner$1.runReflectiveCall(BlockJUnit4ClassRunner.java:266)&#10;	at org.junit.internal.runners.model.ReflectiveCallable.run(ReflectiveCallable.java:12)&#10;	at org.junit.runners.BlockJUnit4ClassRunner.methodBlock(BlockJUnit4ClassRunner.java:263)&#10;	at com.cognifide.qa.bb.junit.TestRunner.runMethod(TestRunner.java:167)&#10;	at com.cognifide.qa.bb.junit.TestRunner.runChild(TestRunner.java:127)&#10;	at com.cognifide.qa.bb.junit.TestRunner.runChild(TestRunner.java:61)&#10;	at org.junit.runners.ParentRunner$3.run(ParentRunner.java:290)&#10;	at org.junit.runners.ParentRunner$1.schedule(ParentRunner.java:71)&#10;	at org.junit.runners.ParentRunner.runChildren(ParentRunner.java:288)&#10;	at org.junit.runners.ParentRunner.access$000(ParentRunner.java:58)&#10;	at org.junit.runners.ParentRunner$2.evaluate(ParentRunner.java:268)&#10;	at org.junit.runners.ParentRunner.run(ParentRunner.java:363)&#10;	at com.cognifide.qa.bb.junit.TestRunner.run(TestRunner.java:140)&#10;	at org.junit.runners.Suite.runChild(Suite.java:128)&#10;	at org.junit.runners.Suite.runChild(Suite.java:27)&#10;	at org.junit.runners.ParentRunner$3.run(ParentRunner.java:290)&#10;	at java.util.concurrent.Executors$RunnableAdapter.call(Executors.java:511)&#10;	at java.util.concurrent.FutureTask.run(FutureTask.java:266)&#10;	at java.util.concurrent.Executors$RunnableAdapter.call(Executors.java:511)&#10;	at java.util.concurrent.FutureTask.run(FutureTask.java:266)&#10;	at java.util.concurrent.ThreadPoolExecutor.runWorker(ThreadPoolExecutor.java:1149)&#10;	at java.util.concurrent.ThreadPoolExecutor$Worker.run(ThreadPoolExecutor.java:624)&#10;	at java.lang.Thread.run(Thread.java:748)&#10;&#10;3) Error in custom provider, java.lang.IllegalArgumentException: Browser name must be htmlunit&#10;  while locating com.cognifide.qa.bb.provider.selenium.webdriver.WebDriverProvider&#10;  while locating org.openqa.selenium.WebDriver&#10;    for field at com.rg.test.pageobjects.WikipediaPage.webDriver(WikipediaPage.java:10)&#10;  while locating com.rg.test.pageobjects.WikipediaPage&#10;    for field at com.rg.test.WikipediaTest.homePage(WikipediaTest.java:18)&#10;  while locating com.rg.test.WikipediaTest&#10;Caused by: java.lang.IllegalArgumentException: Browser name must be htmlunit&#10;	at org.openqa.selenium.htmlunit.HtmlUnitDriver.determineBrowserVersion(HtmlUnitDriver.java:306)&#10;	at org.openqa.selenium.htmlunit.HtmlUnitDriver.&lt;init&gt;(HtmlUnitDriver.java:271)&#10;	at com.cognifide.qa.bb.provider.selenium.webdriver.WebDriverType$6.create(WebDriverType.java:89)&#10;	at com.cognifide.qa.bb.provider.selenium.webdriver.WebDriverProvider.create(WebDriverProvider.java:107)&#10;	at com.cognifide.qa.bb.provider.selenium.webdriver.WebDriverProvider.get(WebDriverProvider.java:98)&#10;	at com.cognifide.qa.bb.provider.selenium.webdriver.WebDriverProvider.get(WebDriverProvider.java:48)&#10;	at com.google.inject.internal.BoundProviderFactory.get(BoundProviderFactory.java:55)&#10;	at com.google.inject.internal.SingleFieldInjector.inject(SingleFieldInjector.java:53)&#10;	at com.google.inject.internal.MembersInjectorImpl.injectMembers(MembersInjectorImpl.java:110)&#10;	at com.google.inject.internal.ConstructorInjector.construct(ConstructorInjector.java:94)&#10;	at com.google.inject.internal.ConstructorBindingImpl$Factory.get(ConstructorBindingImpl.java:254)&#10;	at com.google.inject.internal.SingleFieldInjector.inject(SingleFieldInjector.java:53)&#10;	at com.google.inject.internal.MembersInjectorImpl.injectMembers(MembersInjectorImpl.java:110)&#10;	at com.google.inject.internal.ConstructorInjector.construct(ConstructorInjector.java:94)&#10;	at com.google.inject.internal.ConstructorBindingImpl$Factory.get(ConstructorBindingImpl.java:254)&#10;	at com.google.inject.internal.InjectorImpl$4$1.call(InjectorImpl.java:978)&#10;	at com.google.inject.internal.InjectorImpl.callInContext(InjectorImpl.java:1024)&#10;	at com.google.inject.internal.InjectorImpl$4.get(InjectorImpl.java:974)&#10;	at com.google.inject.internal.InjectorImpl.getInstance(InjectorImpl.java:1013)&#10;	at com.cognifide.qa.bb.junit.TestRunner.createTest(TestRunner.java:97)&#10;	at org.junit.runners.BlockJUnit4ClassRunner$1.runReflectiveCall(BlockJUnit4ClassRunner.java:266)&#10;	at org.junit.internal.runners.model.ReflectiveCallable.run(ReflectiveCallable.java:12)&#10;	at org.junit.runners.BlockJUnit4ClassRunner.methodBlock(BlockJUnit4ClassRunner.java:263)&#10;	at com.cognifide.qa.bb.junit.TestRunner.runMethod(TestRunner.java:167)&#10;	at com.cognifide.qa.bb.junit.TestRunner.runChild(TestRunner.java:127)&#10;	at com.cognifide.qa.bb.junit.TestRunner.runChild(TestRunner.java:61)&#10;	at org.junit.runners.ParentRunner$3.run(ParentRunner.java:290)&#10;	at org.junit.runners.ParentRunner$1.schedule(ParentRunner.java:71)&#10;	at org.junit.runners.ParentRunner.runChildren(ParentRunner.java:288)&#10;	at org.junit.runners.ParentRunner.access$000(ParentRunner.java:58)&#10;	at org.junit.runners.ParentRunner$2.evaluate(ParentRunner.java:268)&#10;	at org.junit.runners.ParentRunner.run(ParentRunner.java:363)&#10;	at com.cognifide.qa.bb.junit.TestRunner.run(TestRunner.java:140)&#10;	at org.junit.runners.Suite.runChild(Suite.java:128)&#10;	at org.junit.runners.Suite.runChild(Suite.java:27)&#10;	at org.junit.runners.ParentRunner$3.run(ParentRunner.java:290)&#10;	at java.util.concurrent.Executors$RunnableAdapter.call(Executors.java:511)&#10;	at java.util.concurrent.FutureTask.run(FutureTask.java:266)&#10;	at java.util.concurrent.Executors$RunnableAdapter.call(Executors.java:511)&#10;	at java.util.concurrent.FutureTask.run(FutureTask.java:266)&#10;	at java.util.concurrent.ThreadPoolExecutor.runWorker(ThreadPoolExecutor.java:1149)&#10;	at java.util.concurrent.ThreadPoolExecutor$Worker.run(ThreadPoolExecutor.java:624)&#10;	at java.lang.Thread.run(Thread.java:748)&#10;&#10;4) Error in custom provider, java.lang.IllegalArgumentException: Browser name must be htmlunit&#10;  while locating com.cognifide.qa.bb.provider.selenium.webdriver.WebDriverProvider&#10;  while locating org.openqa.selenium.WebDriver&#10;  while locating com.rg.test.pageobjects.WikipediaPage&#10;    for field at com.rg.test.WikipediaTest.homePage(WikipediaTest.java:18)&#10;  while locating com.rg.test.WikipediaTest&#10;Caused by: java.lang.IllegalArgumentException: Browser name must be htmlunit&#10;	at org.openqa.selenium.htmlunit.HtmlUnitDriver.determineBrowserVersion(HtmlUnitDriver.java:306)&#10;	at org.openqa.selenium.htmlunit.HtmlUnitDriver.&lt;init&gt;(HtmlUnitDriver.java:271)&#10;	at com.cognifide.qa.bb.provider.selenium.webdriver.WebDriverType$6.create(WebDriverType.java:89)&#10;	at com.cognifide.qa.bb.provider.selenium.webdriver.WebDriverProvider.create(WebDriverProvider.java:107)&#10;	at com.cognifide.qa.bb.provider.selenium.webdriver.WebDriverProvider.get(WebDriverProvider.java:98)&#10;	at com.cognifide.qa.bb.provider.selenium.webdriver.WebDriverProvider.get(WebDriverProvider.java:48)&#10;	at com.google.inject.internal.BoundProviderFactory.get(BoundProviderFactory.java:55)&#10;	at com.google.inject.internal.InjectorImpl$4$1.call(InjectorImpl.java:978)&#10;	at com.google.inject.internal.InjectorImpl.callInContext(InjectorImpl.java:1031)&#10;	at com.google.inject.internal.InjectorImpl$4.get(InjectorImpl.java:974)&#10;	at com.cognifide.qa.bb.mapper.PageObjectInjectorListener.getCurrentContext(PageObjectInjectorListener.java:148)&#10;	at com.cognifide.qa.bb.mapper.PageObjectInjectorListener.getFramePath(PageObjectInjectorListener.java:97)&#10;	at com.cognifide.qa.bb.mapper.PageObjectInjectorListener.setFramePath(PageObjectInjectorListener.java:90)&#10;	at com.cognifide.qa.bb.mapper.PageObjectInjectorListener.afterInjection(PageObjectInjectorListener.java:83)&#10;	at com.google.inject.internal.MembersInjectorImpl.notifyListeners(MembersInjectorImpl.java:97)&#10;	at com.google.inject.internal.ConstructorInjector.construct(ConstructorInjector.java:95)&#10;	at com.google.inject.internal.ConstructorBindingImpl$Factory.get(ConstructorBindingImpl.java:254)&#10;	at com.google.inject.internal.SingleFieldInjector.inject(SingleFieldInjector.java:53)&#10;	at com.google.inject.internal.MembersInjectorImpl.injectMembers(MembersInjectorImpl.java:110)&#10;	at com.google.inject.internal.ConstructorInjector.construct(ConstructorInjector.java:94)&#10;	at com.google.inject.internal.ConstructorBindingImpl$Factory.get(ConstructorBindingImpl.java:254)&#10;	at com.google.inject.internal.InjectorImpl$4$1.call(InjectorImpl.java:978)&#10;	at com.google.inject.internal.InjectorImpl.callInContext(InjectorImpl.java:1024)&#10;	at com.google.inject.internal.InjectorImpl$4.get(InjectorImpl.java:974)&#10;	at com.google.inject.internal.InjectorImpl.getInstance(InjectorImpl.java:1013)&#10;	at com.cognifide.qa.bb.junit.TestRunner.createTest(TestRunner.java:97)&#10;	at org.junit.runners.BlockJUnit4ClassRunner$1.runReflectiveCall(BlockJUnit4ClassRunner.java:266)&#10;	at org.junit.internal.runners.model.ReflectiveCallable.run(ReflectiveCallable.java:12)&#10;	at org.junit.runners.BlockJUnit4ClassRunner.methodBlock(BlockJUnit4ClassRunner.java:263)&#10;	at com.cognifide.qa.bb.junit.TestRunner.runMethod(TestRunner.java:167)&#10;	at com.cognifide.qa.bb.junit.TestRunner.runChild(TestRunner.java:127)&#10;	at com.cognifide.qa.bb.junit.TestRunner.runChild(TestRunner.java:61)&#10;	at org.junit.runners.ParentRunner$3.run(ParentRunner.java:290)&#10;	at org.junit.runners.ParentRunner$1.schedule(ParentRunner.java:71)&#10;	at org.junit.runners.ParentRunner.runChildren(ParentRunner.java:288)&#10;	at org.junit.runners.ParentRunner.access$000(ParentRunner.java:58)&#10;	at org.junit.runners.ParentRunner$2.evaluate(ParentRunner.java:268)&#10;	at org.junit.runners.ParentRunner.run(ParentRunner.java:363)&#10;	at com.cognifide.qa.bb.junit.TestRunner.run(TestRunner.java:140)&#10;	at org.junit.runners.Suite.runChild(Suite.java:128)&#10;	at org.junit.runners.Suite.runChild(Suite.java:27)&#10;	at org.junit.runners.ParentRunner$3.run(ParentRunner.java:290)&#10;	at java.util.concurrent.Executors$RunnableAdapter.call(Executors.java:511)&#10;	at java.util.concurrent.FutureTask.run(FutureTask.java:266)&#10;	at java.util.concurrent.Executors$RunnableAdapter.call(Executors.java:511)&#10;	at java.util.concurrent.FutureTask.run(FutureTask.java:266)&#10;	at java.util.concurrent.ThreadPoolExecutor.runWorker(ThreadPoolExecutor.java:1149)&#10;	at java.util.concurrent.ThreadPoolExecutor$Worker.run(ThreadPoolExecutor.java:624)&#10;	at java.lang.Thread.run(Thread.java:748)&#10;&#10;5) Error in custom provider, java.lang.IllegalArgumentException: Browser name must be htmlunit&#10;  while locating com.cognifide.qa.bb.provider.selenium.webdriver.WebDriverProvider&#10;  while locating org.openqa.selenium.WebDriver&#10;    for field at com.cognifide.qa.bb.scope.current.CurrentWebElementProvider.webDriver(CurrentWebElementProvider.java:41)&#10;  while locating com.cognifide.qa.bb.scope.current.CurrentWebElementProvider&#10;  while locating org.openqa.selenium.WebElement annotated with @com.cognifide.qa.bb.qualifier.CurrentScope()&#10;    for field at com.rg.test.pageobjects.DefinitionPage.currentScope(DefinitionPage.java:9)&#10;  while locating com.rg.test.pageobjects.DefinitionPage&#10;    for field at com.rg.test.WikipediaTest.definitionPage(WikipediaTest.java:18)&#10;  while locating com.rg.test.WikipediaTest&#10;Caused by: java.lang.IllegalArgumentException: Browser name must be htmlunit&#10;	at org.openqa.selenium.htmlunit.HtmlUnitDriver.determineBrowserVersion(HtmlUnitDriver.java:306)&#10;	at org.openqa.selenium.htmlunit.HtmlUnitDriver.&lt;init&gt;(HtmlUnitDriver.java:271)&#10;	at com.cognifide.qa.bb.provider.selenium.webdriver.WebDriverType$6.create(WebDriverType.java:89)&#10;	at com.cognifide.qa.bb.provider.selenium.webdriver.WebDriverProvider.create(WebDriverProvider.java:107)&#10;	at com.cognifide.qa.bb.provider.selenium.webdriver.WebDriverProvider.get(WebDriverProvider.java:98)&#10;	at com.cognifide.qa.bb.provider.selenium.webdriver.WebDriverProvider.get(WebDriverProvider.java:48)&#10;	at com.google.inject.internal.BoundProviderFactory.get(BoundProviderFactory.java:55)&#10;	at com.google.inject.internal.SingleFieldInjector.inject(SingleFieldInjector.java:53)&#10;	at com.google.inject.internal.MembersInjectorImpl.injectMembers(MembersInjectorImpl.java:110)&#10;	at com.google.inject.internal.ConstructorInjector.construct(ConstructorInjector.java:94)&#10;	at com.google.inject.internal.ConstructorBindingImpl$Factory.get(ConstructorBindingImpl.java:254)&#10;	at com.google.inject.internal.BoundProviderFactory.get(BoundProviderFactory.java:53)&#10;	at com.google.inject.internal.SingleFieldInjector.inject(SingleFieldInjector.java:53)&#10;	at com.google.inject.internal.MembersInjectorImpl.injectMembers(MembersInjectorImpl.java:110)&#10;	at com.google.inject.internal.ConstructorInjector.construct(ConstructorInjector.java:94)&#10;	at com.google.inject.internal.ConstructorBindingImpl$Factory.get(ConstructorBindingImpl.java:254)&#10;	at com.google.inject.internal.SingleFieldInjector.inject(SingleFieldInjector.java:53)&#10;	at com.google.inject.internal.MembersInjectorImpl.injectMembers(MembersInjectorImpl.java:110)&#10;	at com.google.inject.internal.ConstructorInjector.construct(ConstructorInjector.java:94)&#10;	at com.google.inject.internal.ConstructorBindingImpl$Factory.get(ConstructorBindingImpl.java:254)&#10;	at com.google.inject.internal.InjectorImpl$4$1.call(InjectorImpl.java:978)&#10;	at com.google.inject.internal.InjectorImpl.callInContext(InjectorImpl.java:1024)&#10;	at com.google.inject.internal.InjectorImpl$4.get(InjectorImpl.java:974)&#10;	at com.google.inject.internal.InjectorImpl.getInstance(InjectorImpl.java:1013)&#10;	at com.cognifide.qa.bb.junit.TestRunner.createTest(TestRunner.java:97)&#10;	at org.junit.runners.BlockJUnit4ClassRunner$1.runReflectiveCall(BlockJUnit4ClassRunner.java:266)&#10;	at org.junit.internal.runners.model.ReflectiveCallable.run(ReflectiveCallable.java:12)&#10;	at org.junit.runners.BlockJUnit4ClassRunner.methodBlock(BlockJUnit4ClassRunner.java:263)&#10;	at com.cognifide.qa.bb.junit.TestRunner.runMethod(TestRunner.java:167)&#10;	at com.cognifide.qa.bb.junit.TestRunner.runChild(TestRunner.java:127)&#10;	at com.cognifide.qa.bb.junit.TestRunner.runChild(TestRunner.java:61)&#10;	at org.junit.runners.ParentRunner$3.run(ParentRunner.java:290)&#10;	at org.junit.runners.ParentRunner$1.schedule(ParentRunner.java:71)&#10;	at org.junit.runners.ParentRunner.runChildren(ParentRunner.java:288)&#10;	at org.junit.runners.ParentRunner.access$000(ParentRunner.java:58)&#10;	at org.junit.runners.ParentRunner$2.evaluate(ParentRunner.java:268)&#10;	at org.junit.runners.ParentRunner.run(ParentRunner.java:363)&#10;	at com.cognifide.qa.bb.junit.TestRunner.run(TestRunner.java:140)&#10;	at org.junit.runners.Suite.runChild(Suite.java:128)&#10;	at org.junit.runners.Suite.runChild(Suite.java:27)&#10;	at org.junit.runners.ParentRunner$3.run(ParentRunner.java:290)&#10;	at java.util.concurrent.Executors$RunnableAdapter.call(Executors.java:511)&#10;	at java.util.concurrent.FutureTask.run(FutureTask.java:266)&#10;	at java.util.concurrent.Executors$RunnableAdapter.call(Executors.java:511)&#10;	at java.util.concurrent.FutureTask.run(FutureTask.java:266)&#10;	at java.util.concurrent.ThreadPoolExecutor.runWorker(ThreadPoolExecutor.java:1149)&#10;	at java.util.concurrent.ThreadPoolExecutor$Worker.run(ThreadPoolExecutor.java:624)&#10;	at java.lang.Thread.run(Thread.java:748)&#10;&#10;6) Error in custom provider, java.lang.IllegalArgumentException: Browser name must be htmlunit&#10;  while locating com.cognifide.qa.bb.provider.selenium.webdriver.WebDriverProvider&#10;  while locating org.openqa.selenium.WebDriver&#10;  while locating com.rg.test.pageobjects.DefinitionPage&#10;    for field at com.rg.test.WikipediaTest.definitionPage(WikipediaTest.java:18)&#10;  while locating com.rg.test.WikipediaTest&#10;Caused by: java.lang.IllegalArgumentException: Browser name must be htmlunit&#10;	at org.openqa.selenium.htmlunit.HtmlUnitDriver.determineBrowserVersion(HtmlUnitDriver.java:306)&#10;	at org.openqa.selenium.htmlunit.HtmlUnitDriver.&lt;init&gt;(HtmlUnitDriver.java:271)&#10;	at com.cognifide.qa.bb.provider.selenium.webdriver.WebDriverType$6.create(WebDriverType.java:89)&#10;	at com.cognifide.qa.bb.provider.selenium.webdriver.WebDriverProvider.create(WebDriverProvider.java:107)&#10;	at com.cognifide.qa.bb.provider.selenium.webdriver.WebDriverProvider.get(WebDriverProvider.java:98)&#10;	at com.cognifide.qa.bb.provider.selenium.webdriver.WebDriverProvider.get(WebDriverProvider.java:48)&#10;	at com.google.inject.internal.BoundProviderFactory.get(BoundProviderFactory.java:55)&#10;	at com.google.inject.internal.InjectorImpl$4$1.call(InjectorImpl.java:978)&#10;	at com.google.inject.internal.InjectorImpl.callInContext(InjectorImpl.java:1031)&#10;	at com.google.inject.internal.InjectorImpl$4.get(InjectorImpl.java:974)&#10;	at com.cognifide.qa.bb.mapper.PageObjectInjectorListener.getCurrentContext(PageObjectInjectorListener.java:148)&#10;	at com.cognifide.qa.bb.mapper.PageObjectInjectorListener.getFramePath(PageObjectInjectorListener.java:97)&#10;	at com.cognifide.qa.bb.mapper.PageObjectInjectorListener.setFramePath(PageObjectInjectorListener.java:90)&#10;	at com.cognifide.qa.bb.mapper.PageObjectInjectorListener.afterInjection(PageObjectInjectorListener.java:83)&#10;	at com.google.inject.internal.MembersInjectorImpl.notifyListeners(MembersInjectorImpl.java:97)&#10;	at com.google.inject.internal.ConstructorInjector.construct(ConstructorInjector.java:95)&#10;	at com.google.inject.internal.ConstructorBindingImpl$Factory.get(ConstructorBindingImpl.java:254)&#10;	at com.google.inject.internal.SingleFieldInjector.inject(SingleFieldInjector.java:53)&#10;	at com.google.inject.internal.MembersInjectorImpl.injectMembers(MembersInjectorImpl.java:110)&#10;	at com.google.inject.internal.ConstructorInjector.construct(ConstructorInjector.java:94)&#10;	at com.google.inject.internal.ConstructorBindingImpl$Factory.get(ConstructorBindingImpl.java:254)&#10;	at com.google.inject.internal.InjectorImpl$4$1.call(InjectorImpl.java:978)&#10;	at com.google.inject.internal.InjectorImpl.callInContext(InjectorImpl.java:1024)&#10;	at com.google.inject.internal.InjectorImpl$4.get(InjectorImpl.java:974)&#10;	at com.google.inject.internal.InjectorImpl.getInstance(InjectorImpl.java:1013)&#10;	at com.cognifide.qa.bb.junit.TestRunner.createTest(TestRunner.java:97)&#10;	at org.junit.runners.BlockJUnit4ClassRunner$1.runReflectiveCall(BlockJUnit4ClassRunner.java:266)&#10;	at org.junit.internal.runners.model.ReflectiveCallable.run(ReflectiveCallable.java:12)&#10;	at org.junit.runners.BlockJUnit4ClassRunner.methodBlock(BlockJUnit4ClassRunner.java:263)&#10;	at com.cognifide.qa.bb.junit.TestRunner.runMethod(TestRunner.java:167)&#10;	at com.cognifide.qa.bb.junit.TestRunner.runChild(TestRunner.java:127)&#10;	at com.cognifide.qa.bb.junit.TestRunner.runChild(TestRunner.java:61)&#10;	at org.junit.runners.ParentRunner$3.run(ParentRunner.java:290)&#10;	at org.junit.runners.ParentRunner$1.schedule(ParentRunner.java:71)&#10;	at org.junit.runners.ParentRunner.runChildren(ParentRunner.java:288)&#10;	at org.junit.runners.ParentRunner.access$000(ParentRunner.java:58)&#10;	at org.junit.runners.ParentRunner$2.evaluate(ParentRunner.java:268)&#10;	at org.junit.runners.ParentRunner.run(ParentRunner.java:363)&#10;	at com.cognifide.qa.bb.junit.TestRunner.run(TestRunner.java:140)&#10;	at org.junit.runners.Suite.runChild(Suite.java:128)&#10;	at org.junit.runners.Suite.runChild(Suite.java:27)&#10;	at org.junit.runners.ParentRunner$3.run(ParentRunner.java:290)&#10;	at java.util.concurrent.Executors$RunnableAdapter.call(Executors.java:511)&#10;	at java.util.concurrent.FutureTask.run(FutureTask.java:266)&#10;	at java.util.concurrent.Executors$RunnableAdapter.call(Executors.java:511)&#10;	at java.util.concurrent.FutureTask.run(FutureTask.java:266)&#10;	at java.util.concurrent.ThreadPoolExecutor.runWorker(ThreadPoolExecutor.java:1149)&#10;	at java.util.concurrent.ThreadPoolExecutor$Worker.run(ThreadPoolExecutor.java:624)&#10;	at java.lang.Thread.run(Thread.java:748)&#10;&#10;7) Error in custom provider, java.lang.NullPointerException&#10;  while locating com.cognifide.qa.bb.scope.current.CurrentWebElementProvider&#10;  while locating org.openqa.selenium.WebElement annotated with @com.cognifide.qa.bb.qualifier.CurrentScope()&#10;    for field at com.rg.test.pageobjects.WikipediaPage.currentScope(WikipediaPage.java:10)&#10;  while locating com.rg.test.pageobjects.WikipediaPage&#10;    for field at com.rg.test.WikipediaTest.homePage(WikipediaTest.java:18)&#10;  while locating com.rg.test.WikipediaTest&#10;Caused by: java.lang.NullPointerException&#10;	at com.cognifide.qa.bb.scope.current.CurrentWebElementProvider.getTopElement(CurrentWebElementProvider.java:73)&#10;	at com.cognifide.qa.bb.scope.current.CurrentWebElementProvider.get(CurrentWebElementProvider.java:55)&#10;	at com.cognifide.qa.bb.scope.current.CurrentWebElementProvider.get(CurrentWebElementProvider.java:41)&#10;	at com.google.inject.internal.BoundProviderFactory.get(BoundProviderFactory.java:55)&#10;	at com.google.inject.internal.SingleFieldInjector.inject(SingleFieldInjector.java:53)&#10;	at com.google.inject.internal.MembersInjectorImpl.injectMembers(MembersInjectorImpl.java:110)&#10;	at com.google.inject.internal.ConstructorInjector.construct(ConstructorInjector.java:94)&#10;	at com.google.inject.internal.ConstructorBindingImpl$Factory.get(ConstructorBindingImpl.java:254)&#10;	at com.google.inject.internal.SingleFieldInjector.inject(SingleFieldInjector.java:53)&#10;	at com.google.inject.internal.MembersInjectorImpl.injectMembers(MembersInjectorImpl.java:110)&#10;	at com.google.inject.internal.ConstructorInjector.construct(ConstructorInjector.java:94)&#10;	at com.google.inject.internal.ConstructorBindingImpl$Factory.get(ConstructorBindingImpl.java:254)&#10;	at com.google.inject.internal.InjectorImpl$4$1.call(InjectorImpl.java:978)&#10;	at com.google.inject.internal.InjectorImpl.callInContext(InjectorImpl.java:1024)&#10;	at com.google.inject.internal.InjectorImpl$4.get(InjectorImpl.java:974)&#10;	at com.google.inject.internal.InjectorImpl.getInstance(InjectorImpl.java:1013)&#10;	at com.cognifide.qa.bb.junit.TestRunner.createTest(TestRunner.java:97)&#10;	at org.junit.runners.BlockJUnit4ClassRunner$1.runReflectiveCall(BlockJUnit4ClassRunner.java:266)&#10;	at org.junit.internal.runners.model.ReflectiveCallable.run(ReflectiveCallable.java:12)&#10;	at org.junit.runners.BlockJUnit4ClassRunner.methodBlock(BlockJUnit4ClassRunner.java:263)&#10;	at com.cognifide.qa.bb.junit.TestRunner.runMethod(TestRunner.java:167)&#10;	at com.cognifide.qa.bb.junit.TestRunner.runChild(TestRunner.java:127)&#10;	at com.cognifide.qa.bb.junit.TestRunner.runChild(TestRunner.java:61)&#10;	at org.junit.runners.ParentRunner$3.run(ParentRunner.java:290)&#10;	at org.junit.runners.ParentRunner$1.schedule(ParentRunner.java:71)&#10;	at org.junit.runners.ParentRunner.runChildren(ParentRunner.java:288)&#10;	at org.junit.runners.ParentRunner.access$000(ParentRunner.java:58)&#10;	at org.junit.runners.ParentRunner$2.evaluate(ParentRunner.java:268)&#10;	at org.junit.runners.ParentRunner.run(ParentRunner.java:363)&#10;	at com.cognifide.qa.bb.junit.TestRunner.run(TestRunner.java:140)&#10;	at org.junit.runners.Suite.runChild(Suite.java:128)&#10;	at org.junit.runners.Suite.runChild(Suite.java:27)&#10;	at org.junit.runners.ParentRunner$3.run(ParentRunner.java:290)&#10;	at java.util.concurrent.Executors$RunnableAdapter.call(Executors.java:511)&#10;	at java.util.concurrent.FutureTask.run(FutureTask.java:266)&#10;	at java.util.concurrent.Executors$RunnableAdapter.call(Executors.java:511)&#10;	at java.util.concurrent.FutureTask.run(FutureTask.java:266)&#10;	at java.util.concurrent.ThreadPoolExecutor.runWorker(ThreadPoolExecutor.java:1149)&#10;	at java.util.concurrent.ThreadPoolExecutor$Worker.run(ThreadPoolExecutor.java:624)&#10;	at java.lang.Thread.run(Thread.java:748)&#10;&#10;8) Error in custom provider, java.lang.NullPointerException&#10;  while locating com.cognifide.qa.bb.scope.current.CurrentWebElementProvider&#10;  while locating org.openqa.selenium.WebElement annotated with @com.cognifide.qa.bb.qualifier.CurrentScope()&#10;    for field at com.rg.test.pageobjects.DefinitionPage.currentScope(DefinitionPage.java:9)&#10;  while locating com.rg.test.pageobjects.DefinitionPage&#10;    for field at com.rg.test.WikipediaTest.definitionPage(WikipediaTest.java:18)&#10;  while locating com.rg.test.WikipediaTest&#10;Caused by: java.lang.NullPointerException&#10;	at com.cognifide.qa.bb.scope.current.CurrentWebElementProvider.getTopElement(CurrentWebElementProvider.java:73)&#10;	at com.cognifide.qa.bb.scope.current.CurrentWebElementProvider.get(CurrentWebElementProvider.java:55)&#10;	at com.cognifide.qa.bb.scope.current.CurrentWebElementProvider.get(CurrentWebElementProvider.java:41)&#10;	at com.google.inject.internal.BoundProviderFactory.get(BoundProviderFactory.java:55)&#10;	at com.google.inject.internal.SingleFieldInjector.inject(SingleFieldInjector.java:53)&#10;	at com.google.inject.internal.MembersInjectorImpl.injectMembers(MembersInjectorImpl.java:110)&#10;	at com.google.inject.internal.ConstructorInjector.construct(ConstructorInjector.java:94)&#10;	at com.google.inject.internal.ConstructorBindingImpl$Factory.get(ConstructorBindingImpl.java:254)&#10;	at com.google.inject.internal.SingleFieldInjector.inject(SingleFieldInjector.java:53)&#10;	at com.google.inject.internal.MembersInjectorImpl.injectMembers(MembersInjectorImpl.java:110)&#10;	at com.google.inject.internal.ConstructorInjector.construct(ConstructorInjector.java:94)&#10;	at com.google.inject.internal.ConstructorBindingImpl$Factory.get(ConstructorBindingImpl.java:254)&#10;	at com.google.inject.internal.InjectorImpl$4$1.call(InjectorImpl.java:978)&#10;	at com.google.inject.internal.InjectorImpl.callInContext(InjectorImpl.java:1024)&#10;	at com.google.inject.internal.InjectorImpl$4.get(InjectorImpl.java:974)&#10;	at com.google.inject.internal.InjectorImpl.getInstance(InjectorImpl.java:1013)&#10;	at com.cognifide.qa.bb.junit.TestRunner.createTest(TestRunner.java:97)&#10;	at org.junit.runners.BlockJUnit4ClassRunner$1.runReflectiveCall(BlockJUnit4ClassRunner.java:266)&#10;	at org.junit.internal.runners.model.ReflectiveCallable.run(ReflectiveCallable.java:12)&#10;	at org.junit.runners.BlockJUnit4ClassRunner.methodBlock(BlockJUnit4ClassRunner.java:263)&#10;	at com.cognifide.qa.bb.junit.TestRunner.runMethod(TestRunner.java:167)&#10;	at com.cognifide.qa.bb.junit.TestRunner.runChild(TestRunner.java:127)&#10;	at com.cognifide.qa.bb.junit.TestRunner.runChild(TestRunner.java:61)&#10;	at org.junit.runners.ParentRunner$3.run(ParentRunner.java:290)&#10;	at org.junit.runners.ParentRunner$1.schedule(ParentRunner.java:71)&#10;	at org.junit.runners.ParentRunner.runChildren(ParentRunner.java:288)&#10;	at org.junit.runners.ParentRunner.access$000(ParentRunner.java:58)&#10;	at org.junit.runners.ParentRunner$2.evaluate(ParentRunner.java:268)&#10;	at org.junit.runners.ParentRunner.run(ParentRunner.java:363)&#10;	at com.cognifide.qa.bb.junit.TestRunner.run(TestRunner.java:140)&#10;	at org.junit.runners.Suite.runChild(Suite.java:128)&#10;	at org.junit.runners.Suite.runChild(Suite.java:27)&#10;	at org.junit.runners.ParentRunner$3.run(ParentRunner.java:290)&#10;	at java.util.concurrent.Executors$RunnableAdapter.call(Executors.java:511)&#10;	at java.util.concurrent.FutureTask.run(FutureTask.java:266)&#10;	at java.util.concurrent.Executors$RunnableAdapter.call(Executors.java:511)&#10;	at java.util.concurrent.FutureTask.run(FutureTask.java:266)&#10;	at java.util.concurrent.ThreadPoolExecutor.runWorker(ThreadPoolExecutor.java:1149)&#10;	at java.util.concurrent.ThreadPoolExecutor$Worker.run(ThreadPoolExecutor.java:624)&#10;	at java.lang.Thread.run(Thread.java:748)&#10;&#10;8 errors" type="com.google.inject.ProvisionException"><![CDATA[com.google.inject.ProvisionException: Guice provision errors:

1) Error notifying InjectionListener com.cognifide.qa.bb.loadable.mapper.TestClassInjectionListener@2a32fdef of com.rg.test.WikipediaTest.
 Reason: java.lang.NullPointerException
  while locating com.rg.test.WikipediaTest
Caused by: java.lang.NullPointerException
	at com.cognifide.qa.bb.utils.AopUtil.getBaseClassForAopObject(AopUtil.java:32)
	at com.cognifide.qa.bb.loadable.context.LoadableContext.<init>(LoadableContext.java:33)
	at com.cognifide.qa.bb.loadable.context.ClassFieldContext.<init>(ClassFieldContext.java:32)
	at com.cognifide.qa.bb.loadable.hierarchy.ConditionsExplorer.lambda$processLoadableContextForClass$23(ConditionsExplorer.java:116)
	at java.util.ArrayList.forEach(ArrayList.java:1255)
	at com.cognifide.qa.bb.loadable.hierarchy.ConditionsExplorer.processLoadableContextForClass(ConditionsExplorer.java:107)
	at com.cognifide.qa.bb.loadable.hierarchy.ConditionsExplorer.registerLoadableContextHierarchyTree(ConditionsExplorer.java:95)
	at com.cognifide.qa.bb.loadable.mapper.TestClassInjectionListener.afterInjection(TestClassInjectionListener.java:33)
	at com.google.inject.internal.MembersInjectorImpl.notifyListeners(MembersInjectorImpl.java:97)
	at com.google.inject.internal.ConstructorInjector.construct(ConstructorInjector.java:95)
	at com.google.inject.internal.ConstructorBindingImpl$Factory.get(ConstructorBindingImpl.java:254)
	at com.google.inject.internal.InjectorImpl$4$1.call(InjectorImpl.java:978)
	at com.google.inject.internal.InjectorImpl.callInContext(InjectorImpl.java:1024)
	at com.google.inject.internal.InjectorImpl$4.get(InjectorImpl.java:974)
	at com.google.inject.internal.InjectorImpl.getInstance(InjectorImpl.java:1013)
	at com.cognifide.qa.bb.junit.TestRunner.createTest(TestRunner.java:97)
	at org.junit.runners.BlockJUnit4ClassRunner$1.runReflectiveCall(BlockJUnit4ClassRunner.java:266)
	at org.junit.internal.runners.model.ReflectiveCallable.run(ReflectiveCallable.java:12)
	at org.junit.runners.BlockJUnit4ClassRunner.methodBlock(BlockJUnit4ClassRunner.java:263)
	at com.cognifide.qa.bb.junit.TestRunner.runMethod(TestRunner.java:167)
	at com.cognifide.qa.bb.junit.TestRunner.runChild(TestRunner.java:127)
	at com.cognifide.qa.bb.junit.TestRunner.runChild(TestRunner.java:61)
	at org.junit.runners.ParentRunner$3.run(ParentRunner.java:290)
	at org.junit.runners.ParentRunner$1.schedule(ParentRunner.java:71)
	at org.junit.runners.ParentRunner.runChildren(ParentRunner.java:288)
	at org.junit.runners.ParentRunner.access$000(ParentRunner.java:58)
	at org.junit.runners.ParentRunner$2.evaluate(ParentRunner.java:268)
	at org.junit.runners.ParentRunner.run(ParentRunner.java:363)
	at com.cognifide.qa.bb.junit.TestRunner.run(TestRunner.java:140)
	at org.junit.runners.Suite.runChild(Suite.java:128)
	at org.junit.runners.Suite.runChild(Suite.java:27)
	at org.junit.runners.ParentRunner$3.run(ParentRunner.java:290)
	at java.util.concurrent.Executors$RunnableAdapter.call(Executors.java:511)
	at java.util.concurrent.FutureTask.run(FutureTask.java:266)
	at java.util.concurrent.Executors$RunnableAdapter.call(Executors.java:511)
	at java.util.concurrent.FutureTask.run(FutureTask.java:266)
	at java.util.concurrent.ThreadPoolExecutor.runWorker(ThreadPoolExecutor.java:1149)
	at java.util.concurrent.ThreadPoolExecutor$Worker.run(ThreadPoolExecutor.java:624)
	at java.lang.Thread.run(Thread.java:748)

2) Error in custom provider, java.lang.IllegalArgumentException: Browser name must be htmlunit
  while locating com.cognifide.qa.bb.provider.selenium.webdriver.WebDriverProvider
  while locating org.openqa.selenium.WebDriver
    for field at com.cognifide.qa.bb.scope.current.CurrentWebElementProvider.webDriver(CurrentWebElementProvider.java:41)
  while locating com.cognifide.qa.bb.scope.current.CurrentWebElementProvider
  while locating org.openqa.selenium.WebElement annotated with @com.cognifide.qa.bb.qualifier.CurrentScope()
    for field at com.rg.test.pageobjects.WikipediaPage.currentScope(WikipediaPage.java:10)
  while locating com.rg.test.pageobjects.WikipediaPage
    for field at com.rg.test.WikipediaTest.homePage(WikipediaTest.java:18)
  while locating com.rg.test.WikipediaTest
Caused by: java.lang.IllegalArgumentException: Browser name must be htmlunit
	at org.openqa.selenium.htmlunit.HtmlUnitDriver.determineBrowserVersion(HtmlUnitDriver.java:306)
	at org.openqa.selenium.htmlunit.HtmlUnitDriver.<init>(HtmlUnitDriver.java:271)
	at com.cognifide.qa.bb.provider.selenium.webdriver.WebDriverType$6.create(WebDriverType.java:89)
	at com.cognifide.qa.bb.provider.selenium.webdriver.WebDriverProvider.create(WebDriverProvider.java:107)
	at com.cognifide.qa.bb.provider.selenium.webdriver.WebDriverProvider.get(WebDriverProvider.java:98)
	at com.cognifide.qa.bb.provider.selenium.webdriver.WebDriverProvider.get(WebDriverProvider.java:48)
	at com.google.inject.internal.BoundProviderFactory.get(BoundProviderFactory.java:55)
	at com.google.inject.internal.SingleFieldInjector.inject(SingleFieldInjector.java:53)
	at com.google.inject.internal.MembersInjectorImpl.injectMembers(MembersInjectorImpl.java:110)
	at com.google.inject.internal.ConstructorInjector.construct(ConstructorInjector.java:94)
	at com.google.inject.internal.ConstructorBindingImpl$Factory.get(ConstructorBindingImpl.java:254)
	at com.google.inject.internal.BoundProviderFactory.get(BoundProviderFactory.java:53)
	at com.google.inject.internal.SingleFieldInjector.inject(SingleFieldInjector.java:53)
	at com.google.inject.internal.MembersInjectorImpl.injectMembers(MembersInjectorImpl.java:110)
	at com.google.inject.internal.ConstructorInjector.construct(ConstructorInjector.java:94)
	at com.google.inject.internal.ConstructorBindingImpl$Factory.get(ConstructorBindingImpl.java:254)
	at com.google.inject.internal.SingleFieldInjector.inject(SingleFieldInjector.java:53)
	at com.google.inject.internal.MembersInjectorImpl.injectMembers(MembersInjectorImpl.java:110)
	at com.google.inject.internal.ConstructorInjector.construct(ConstructorInjector.java:94)
	at com.google.inject.internal.ConstructorBindingImpl$Factory.get(ConstructorBindingImpl.java:254)
	at com.google.inject.internal.InjectorImpl$4$1.call(InjectorImpl.java:978)
	at com.google.inject.internal.InjectorImpl.callInContext(InjectorImpl.java:1024)
	at com.google.inject.internal.InjectorImpl$4.get(InjectorImpl.java:974)
	at com.google.inject.internal.InjectorImpl.getInstance(InjectorImpl.java:1013)
	at com.cognifide.qa.bb.junit.TestRunner.createTest(TestRunner.java:97)
	at org.junit.runners.BlockJUnit4ClassRunner$1.runReflectiveCall(BlockJUnit4ClassRunner.java:266)
	at org.junit.internal.runners.model.ReflectiveCallable.run(ReflectiveCallable.java:12)
	at org.junit.runners.BlockJUnit4ClassRunner.methodBlock(BlockJUnit4ClassRunner.java:263)
	at com.cognifide.qa.bb.junit.TestRunner.runMethod(TestRunner.java:167)
	at com.cognifide.qa.bb.junit.TestRunner.runChild(TestRunner.java:127)
	at com.cognifide.qa.bb.junit.TestRunner.runChild(TestRunner.java:61)
	at org.junit.runners.ParentRunner$3.run(ParentRunner.java:290)
	at org.junit.runners.ParentRunner$1.schedule(ParentRunner.java:71)
	at org.junit.runners.ParentRunner.runChildren(ParentRunner.java:288)
	at org.junit.runners.ParentRunner.access$000(ParentRunner.java:58)
	at org.junit.runners.ParentRunner$2.evaluate(ParentRunner.java:268)
	at org.junit.runners.ParentRunner.run(ParentRunner.java:363)
	at com.cognifide.qa.bb.junit.TestRunner.run(TestRunner.java:140)
	at org.junit.runners.Suite.runChild(Suite.java:128)
	at org.junit.runners.Suite.runChild(Suite.java:27)
	at org.junit.runners.ParentRunner$3.run(ParentRunner.java:290)
	at java.util.concurrent.Executors$RunnableAdapter.call(Executors.java:511)
	at java.util.concurrent.FutureTask.run(FutureTask.java:266)
	at java.util.concurrent.Executors$RunnableAdapter.call(Executors.java:511)
	at java.util.concurrent.FutureTask.run(FutureTask.java:266)
	at java.util.concurrent.ThreadPoolExecutor.runWorker(ThreadPoolExecutor.java:1149)
	at java.util.concurrent.ThreadPoolExecutor$Worker.run(ThreadPoolExecutor.java:624)
	at java.lang.Thread.run(Thread.java:748)

3) Error in custom provider, java.lang.IllegalArgumentException: Browser name must be htmlunit
  while locating com.cognifide.qa.bb.provider.selenium.webdriver.WebDriverProvider
  while locating org.openqa.selenium.WebDriver
    for field at com.rg.test.pageobjects.WikipediaPage.webDriver(WikipediaPage.java:10)
  while locating com.rg.test.pageobjects.WikipediaPage
    for field at com.rg.test.WikipediaTest.homePage(WikipediaTest.java:18)
  while locating com.rg.test.WikipediaTest
Caused by: java.lang.IllegalArgumentException: Browser name must be htmlunit
	at org.openqa.selenium.htmlunit.HtmlUnitDriver.determineBrowserVersion(HtmlUnitDriver.java:306)
	at org.openqa.selenium.htmlunit.HtmlUnitDriver.<init>(HtmlUnitDriver.java:271)
	at com.cognifide.qa.bb.provider.selenium.webdriver.WebDriverType$6.create(WebDriverType.java:89)
	at com.cognifide.qa.bb.provider.selenium.webdriver.WebDriverProvider.create(WebDriverProvider.java:107)
	at com.cognifide.qa.bb.provider.selenium.webdriver.WebDriverProvider.get(WebDriverProvider.java:98)
	at com.cognifide.qa.bb.provider.selenium.webdriver.WebDriverProvider.get(WebDriverProvider.java:48)
	at com.google.inject.internal.BoundProviderFactory.get(BoundProviderFactory.java:55)
	at com.google.inject.internal.SingleFieldInjector.inject(SingleFieldInjector.java:53)
	at com.google.inject.internal.MembersInjectorImpl.injectMembers(MembersInjectorImpl.java:110)
	at com.google.inject.internal.ConstructorInjector.construct(ConstructorInjector.java:94)
	at com.google.inject.internal.ConstructorBindingImpl$Factory.get(ConstructorBindingImpl.java:254)
	at com.google.inject.internal.SingleFieldInjector.inject(SingleFieldInjector.java:53)
	at com.google.inject.internal.MembersInjectorImpl.injectMembers(MembersInjectorImpl.java:110)
	at com.google.inject.internal.ConstructorInjector.construct(ConstructorInjector.java:94)
	at com.google.inject.internal.ConstructorBindingImpl$Factory.get(ConstructorBindingImpl.java:254)
	at com.google.inject.internal.InjectorImpl$4$1.call(InjectorImpl.java:978)
	at com.google.inject.internal.InjectorImpl.callInContext(InjectorImpl.java:1024)
	at com.google.inject.internal.InjectorImpl$4.get(InjectorImpl.java:974)
	at com.google.inject.internal.InjectorImpl.getInstance(InjectorImpl.java:1013)
	at com.cognifide.qa.bb.junit.TestRunner.createTest(TestRunner.java:97)
	at org.junit.runners.BlockJUnit4ClassRunner$1.runReflectiveCall(BlockJUnit4ClassRunner.java:266)
	at org.junit.internal.runners.model.ReflectiveCallable.run(ReflectiveCallable.java:12)
	at org.junit.runners.BlockJUnit4ClassRunner.methodBlock(BlockJUnit4ClassRunner.java:263)
	at com.cognifide.qa.bb.junit.TestRunner.runMethod(TestRunner.java:167)
	at com.cognifide.qa.bb.junit.TestRunner.runChild(TestRunner.java:127)
	at com.cognifide.qa.bb.junit.TestRunner.runChild(TestRunner.java:61)
	at org.junit.runners.ParentRunner$3.run(ParentRunner.java:290)
	at org.junit.runners.ParentRunner$1.schedule(ParentRunner.java:71)
	at org.junit.runners.ParentRunner.runChildren(ParentRunner.java:288)
	at org.junit.runners.ParentRunner.access$000(ParentRunner.java:58)
	at org.junit.runners.ParentRunner$2.evaluate(ParentRunner.java:268)
	at org.junit.runners.ParentRunner.run(ParentRunner.java:363)
	at com.cognifide.qa.bb.junit.TestRunner.run(TestRunner.java:140)
	at org.junit.runners.Suite.runChild(Suite.java:128)
	at org.junit.runners.Suite.runChild(Suite.java:27)
	at org.junit.runners.ParentRunner$3.run(ParentRunner.java:290)
	at java.util.concurrent.Executors$RunnableAdapter.call(Executors.java:511)
	at java.util.concurrent.FutureTask.run(FutureTask.java:266)
	at java.util.concurrent.Executors$RunnableAdapter.call(Executors.java:511)
	at java.util.concurrent.FutureTask.run(FutureTask.java:266)
	at java.util.concurrent.ThreadPoolExecutor.runWorker(ThreadPoolExecutor.java:1149)
	at java.util.concurrent.ThreadPoolExecutor$Worker.run(ThreadPoolExecutor.java:624)
	at java.lang.Thread.run(Thread.java:748)

4) Error in custom provider, java.lang.IllegalArgumentException: Browser name must be htmlunit
  while locating com.cognifide.qa.bb.provider.selenium.webdriver.WebDriverProvider
  while locating org.openqa.selenium.WebDriver
  while locating com.rg.test.pageobjects.WikipediaPage
    for field at com.rg.test.WikipediaTest.homePage(WikipediaTest.java:18)
  while locating com.rg.test.WikipediaTest
Caused by: java.lang.IllegalArgumentException: Browser name must be htmlunit
	at org.openqa.selenium.htmlunit.HtmlUnitDriver.determineBrowserVersion(HtmlUnitDriver.java:306)
	at org.openqa.selenium.htmlunit.HtmlUnitDriver.<init>(HtmlUnitDriver.java:271)
	at com.cognifide.qa.bb.provider.selenium.webdriver.WebDriverType$6.create(WebDriverType.java:89)
	at com.cognifide.qa.bb.provider.selenium.webdriver.WebDriverProvider.create(WebDriverProvider.java:107)
	at com.cognifide.qa.bb.provider.selenium.webdriver.WebDriverProvider.get(WebDriverProvider.java:98)
	at com.cognifide.qa.bb.provider.selenium.webdriver.WebDriverProvider.get(WebDriverProvider.java:48)
	at com.google.inject.internal.BoundProviderFactory.get(BoundProviderFactory.java:55)
	at com.google.inject.internal.InjectorImpl$4$1.call(InjectorImpl.java:978)
	at com.google.inject.internal.InjectorImpl.callInContext(InjectorImpl.java:1031)
	at com.google.inject.internal.InjectorImpl$4.get(InjectorImpl.java:974)
	at com.cognifide.qa.bb.mapper.PageObjectInjectorListener.getCurrentContext(PageObjectInjectorListener.java:148)
	at com.cognifide.qa.bb.mapper.PageObjectInjectorListener.getFramePath(PageObjectInjectorListener.java:97)
	at com.cognifide.qa.bb.mapper.PageObjectInjectorListener.setFramePath(PageObjectInjectorListener.java:90)
	at com.cognifide.qa.bb.mapper.PageObjectInjectorListener.afterInjection(PageObjectInjectorListener.java:83)
	at com.google.inject.internal.MembersInjectorImpl.notifyListeners(MembersInjectorImpl.java:97)
	at com.google.inject.internal.ConstructorInjector.construct(ConstructorInjector.java:95)
	at com.google.inject.internal.ConstructorBindingImpl$Factory.get(ConstructorBindingImpl.java:254)
	at com.google.inject.internal.SingleFieldInjector.inject(SingleFieldInjector.java:53)
	at com.google.inject.internal.MembersInjectorImpl.injectMembers(MembersInjectorImpl.java:110)
	at com.google.inject.internal.ConstructorInjector.construct(ConstructorInjector.java:94)
	at com.google.inject.internal.ConstructorBindingImpl$Factory.get(ConstructorBindingImpl.java:254)
	at com.google.inject.internal.InjectorImpl$4$1.call(InjectorImpl.java:978)
	at com.google.inject.internal.InjectorImpl.callInContext(InjectorImpl.java:1024)
	at com.google.inject.internal.InjectorImpl$4.get(InjectorImpl.java:974)
	at com.google.inject.internal.InjectorImpl.getInstance(InjectorImpl.java:1013)
	at com.cognifide.qa.bb.junit.TestRunner.createTest(TestRunner.java:97)
	at org.junit.runners.BlockJUnit4ClassRunner$1.runReflectiveCall(BlockJUnit4ClassRunner.java:266)
	at org.junit.internal.runners.model.ReflectiveCallable.run(ReflectiveCallable.java:12)
	at org.junit.runners.BlockJUnit4ClassRunner.methodBlock(BlockJUnit4ClassRunner.java:263)
	at com.cognifide.qa.bb.junit.TestRunner.runMethod(TestRunner.java:167)
	at com.cognifide.qa.bb.junit.TestRunner.runChild(TestRunner.java:127)
	at com.cognifide.qa.bb.junit.TestRunner.runChild(TestRunner.java:61)
	at org.junit.runners.ParentRunner$3.run(ParentRunner.java:290)
	at org.junit.runners.ParentRunner$1.schedule(ParentRunner.java:71)
	at org.junit.runners.ParentRunner.runChildren(ParentRunner.java:288)
	at org.junit.runners.ParentRunner.access$000(ParentRunner.java:58)
	at org.junit.runners.ParentRunner$2.evaluate(ParentRunner.java:268)
	at org.junit.runners.ParentRunner.run(ParentRunner.java:363)
	at com.cognifide.qa.bb.junit.TestRunner.run(TestRunner.java:140)
	at org.junit.runners.Suite.runChild(Suite.java:128)
	at org.junit.runners.Suite.runChild(Suite.java:27)
	at org.junit.runners.ParentRunner$3.run(ParentRunner.java:290)
	at java.util.concurrent.Executors$RunnableAdapter.call(Executors.java:511)
	at java.util.concurrent.FutureTask.run(FutureTask.java:266)
	at java.util.concurrent.Executors$RunnableAdapter.call(Executors.java:511)
	at java.util.concurrent.FutureTask.run(FutureTask.java:266)
	at java.util.concurrent.ThreadPoolExecutor.runWorker(ThreadPoolExecutor.java:1149)
	at java.util.concurrent.ThreadPoolExecutor$Worker.run(ThreadPoolExecutor.java:624)
	at java.lang.Thread.run(Thread.java:748)

5) Error in custom provider, java.lang.IllegalArgumentException: Browser name must be htmlunit
  while locating com.cognifide.qa.bb.provider.selenium.webdriver.WebDriverProvider
  while locating org.openqa.selenium.WebDriver
    for field at com.cognifide.qa.bb.scope.current.CurrentWebElementProvider.webDriver(CurrentWebElementProvider.java:41)
  while locating com.cognifide.qa.bb.scope.current.CurrentWebElementProvider
  while locating org.openqa.selenium.WebElement annotated with @com.cognifide.qa.bb.qualifier.CurrentScope()
    for field at com.rg.test.pageobjects.DefinitionPage.currentScope(DefinitionPage.java:9)
  while locating com.rg.test.pageobjects.DefinitionPage
    for field at com.rg.test.WikipediaTest.definitionPage(WikipediaTest.java:18)
  while locating com.rg.test.WikipediaTest
Caused by: java.lang.IllegalArgumentException: Browser name must be htmlunit
	at org.openqa.selenium.htmlunit.HtmlUnitDriver.determineBrowserVersion(HtmlUnitDriver.java:306)
	at org.openqa.selenium.htmlunit.HtmlUnitDriver.<init>(HtmlUnitDriver.java:271)
	at com.cognifide.qa.bb.provider.selenium.webdriver.WebDriverType$6.create(WebDriverType.java:89)
	at com.cognifide.qa.bb.provider.selenium.webdriver.WebDriverProvider.create(WebDriverProvider.java:107)
	at com.cognifide.qa.bb.provider.selenium.webdriver.WebDriverProvider.get(WebDriverProvider.java:98)
	at com.cognifide.qa.bb.provider.selenium.webdriver.WebDriverProvider.get(WebDriverProvider.java:48)
	at com.google.inject.internal.BoundProviderFactory.get(BoundProviderFactory.java:55)
	at com.google.inject.internal.SingleFieldInjector.inject(SingleFieldInjector.java:53)
	at com.google.inject.internal.MembersInjectorImpl.injectMembers(MembersInjectorImpl.java:110)
	at com.google.inject.internal.ConstructorInjector.construct(ConstructorInjector.java:94)
	at com.google.inject.internal.ConstructorBindingImpl$Factory.get(ConstructorBindingImpl.java:254)
	at com.google.inject.internal.BoundProviderFactory.get(BoundProviderFactory.java:53)
	at com.google.inject.internal.SingleFieldInjector.inject(SingleFieldInjector.java:53)
	at com.google.inject.internal.MembersInjectorImpl.injectMembers(MembersInjectorImpl.java:110)
	at com.google.inject.internal.ConstructorInjector.construct(ConstructorInjector.java:94)
	at com.google.inject.internal.ConstructorBindingImpl$Factory.get(ConstructorBindingImpl.java:254)
	at com.google.inject.internal.SingleFieldInjector.inject(SingleFieldInjector.java:53)
	at com.google.inject.internal.MembersInjectorImpl.injectMembers(MembersInjectorImpl.java:110)
	at com.google.inject.internal.ConstructorInjector.construct(ConstructorInjector.java:94)
	at com.google.inject.internal.ConstructorBindingImpl$Factory.get(ConstructorBindingImpl.java:254)
	at com.google.inject.internal.InjectorImpl$4$1.call(InjectorImpl.java:978)
	at com.google.inject.internal.InjectorImpl.callInContext(InjectorImpl.java:1024)
	at com.google.inject.internal.InjectorImpl$4.get(InjectorImpl.java:974)
	at com.google.inject.internal.InjectorImpl.getInstance(InjectorImpl.java:1013)
	at com.cognifide.qa.bb.junit.TestRunner.createTest(TestRunner.java:97)
	at org.junit.runners.BlockJUnit4ClassRunner$1.runReflectiveCall(BlockJUnit4ClassRunner.java:266)
	at org.junit.internal.runners.model.ReflectiveCallable.run(ReflectiveCallable.java:12)
	at org.junit.runners.BlockJUnit4ClassRunner.methodBlock(BlockJUnit4ClassRunner.java:263)
	at com.cognifide.qa.bb.junit.TestRunner.runMethod(TestRunner.java:167)
	at com.cognifide.qa.bb.junit.TestRunner.runChild(TestRunner.java:127)
	at com.cognifide.qa.bb.junit.TestRunner.runChild(TestRunner.java:61)
	at org.junit.runners.ParentRunner$3.run(ParentRunner.java:290)
	at org.junit.runners.ParentRunner$1.schedule(ParentRunner.java:71)
	at org.junit.runners.ParentRunner.runChildren(ParentRunner.java:288)
	at org.junit.runners.ParentRunner.access$000(ParentRunner.java:58)
	at org.junit.runners.ParentRunner$2.evaluate(ParentRunner.java:268)
	at org.junit.runners.ParentRunner.run(ParentRunner.java:363)
	at com.cognifide.qa.bb.junit.TestRunner.run(TestRunner.java:140)
	at org.junit.runners.Suite.runChild(Suite.java:128)
	at org.junit.runners.Suite.runChild(Suite.java:27)
	at org.junit.runners.ParentRunner$3.run(ParentRunner.java:290)
	at java.util.concurrent.Executors$RunnableAdapter.call(Executors.java:511)
	at java.util.concurrent.FutureTask.run(FutureTask.java:266)
	at java.util.concurrent.Executors$RunnableAdapter.call(Executors.java:511)
	at java.util.concurrent.FutureTask.run(FutureTask.java:266)
	at java.util.concurrent.ThreadPoolExecutor.runWorker(ThreadPoolExecutor.java:1149)
	at java.util.concurrent.ThreadPoolExecutor$Worker.run(ThreadPoolExecutor.java:624)
	at java.lang.Thread.run(Thread.java:748)

6) Error in custom provider, java.lang.IllegalArgumentException: Browser name must be htmlunit
  while locating com.cognifide.qa.bb.provider.selenium.webdriver.WebDriverProvider
  while locating org.openqa.selenium.WebDriver
  while locating com.rg.test.pageobjects.DefinitionPage
    for field at com.rg.test.WikipediaTest.definitionPage(WikipediaTest.java:18)
  while locating com.rg.test.WikipediaTest
Caused by: java.lang.IllegalArgumentException: Browser name must be htmlunit
	at org.openqa.selenium.htmlunit.HtmlUnitDriver.determineBrowserVersion(HtmlUnitDriver.java:306)
	at org.openqa.selenium.htmlunit.HtmlUnitDriver.<init>(HtmlUnitDriver.java:271)
	at com.cognifide.qa.bb.provider.selenium.webdriver.WebDriverType$6.create(WebDriverType.java:89)
	at com.cognifide.qa.bb.provider.selenium.webdriver.WebDriverProvider.create(WebDriverProvider.java:107)
	at com.cognifide.qa.bb.provider.selenium.webdriver.WebDriverProvider.get(WebDriverProvider.java:98)
	at com.cognifide.qa.bb.provider.selenium.webdriver.WebDriverProvider.get(WebDriverProvider.java:48)
	at com.google.inject.internal.BoundProviderFactory.get(BoundProviderFactory.java:55)
	at com.google.inject.internal.InjectorImpl$4$1.call(InjectorImpl.java:978)
	at com.google.inject.internal.InjectorImpl.callInContext(InjectorImpl.java:1031)
	at com.google.inject.internal.InjectorImpl$4.get(InjectorImpl.java:974)
	at com.cognifide.qa.bb.mapper.PageObjectInjectorListener.getCurrentContext(PageObjectInjectorListener.java:148)
	at com.cognifide.qa.bb.mapper.PageObjectInjectorListener.getFramePath(PageObjectInjectorListener.java:97)
	at com.cognifide.qa.bb.mapper.PageObjectInjectorListener.setFramePath(PageObjectInjectorListener.java:90)
	at com.cognifide.qa.bb.mapper.PageObjectInjectorListener.afterInjection(PageObjectInjectorListener.java:83)
	at com.google.inject.internal.MembersInjectorImpl.notifyListeners(MembersInjectorImpl.java:97)
	at com.google.inject.internal.ConstructorInjector.construct(ConstructorInjector.java:95)
	at com.google.inject.internal.ConstructorBindingImpl$Factory.get(ConstructorBindingImpl.java:254)
	at com.google.inject.internal.SingleFieldInjector.inject(SingleFieldInjector.java:53)
	at com.google.inject.internal.MembersInjectorImpl.injectMembers(MembersInjectorImpl.java:110)
	at com.google.inject.internal.ConstructorInjector.construct(ConstructorInjector.java:94)
	at com.google.inject.internal.ConstructorBindingImpl$Factory.get(ConstructorBindingImpl.java:254)
	at com.google.inject.internal.InjectorImpl$4$1.call(InjectorImpl.java:978)
	at com.google.inject.internal.InjectorImpl.callInContext(InjectorImpl.java:1024)
	at com.google.inject.internal.InjectorImpl$4.get(InjectorImpl.java:974)
	at com.google.inject.internal.InjectorImpl.getInstance(InjectorImpl.java:1013)
	at com.cognifide.qa.bb.junit.TestRunner.createTest(TestRunner.java:97)
	at org.junit.runners.BlockJUnit4ClassRunner$1.runReflectiveCall(BlockJUnit4ClassRunner.java:266)
	at org.junit.internal.runners.model.ReflectiveCallable.run(ReflectiveCallable.java:12)
	at org.junit.runners.BlockJUnit4ClassRunner.methodBlock(BlockJUnit4ClassRunner.java:263)
	at com.cognifide.qa.bb.junit.TestRunner.runMethod(TestRunner.java:167)
	at com.cognifide.qa.bb.junit.TestRunner.runChild(TestRunner.java:127)
	at com.cognifide.qa.bb.junit.TestRunner.runChild(TestRunner.java:61)
	at org.junit.runners.ParentRunner$3.run(ParentRunner.java:290)
	at org.junit.runners.ParentRunner$1.schedule(ParentRunner.java:71)
	at org.junit.runners.ParentRunner.runChildren(ParentRunner.java:288)
	at org.junit.runners.ParentRunner.access$000(ParentRunner.java:58)
	at org.junit.runners.ParentRunner$2.evaluate(ParentRunner.java:268)
	at org.junit.runners.ParentRunner.run(ParentRunner.java:363)
	at com.cognifide.qa.bb.junit.TestRunner.run(TestRunner.java:140)
	at org.junit.runners.Suite.runChild(Suite.java:128)
	at org.junit.runners.Suite.runChild(Suite.java:27)
	at org.junit.runners.ParentRunner$3.run(ParentRunner.java:290)
	at java.util.concurrent.Executors$RunnableAdapter.call(Executors.java:511)
	at java.util.concurrent.FutureTask.run(FutureTask.java:266)
	at java.util.concurrent.Executors$RunnableAdapter.call(Executors.java:511)
	at java.util.concurrent.FutureTask.run(FutureTask.java:266)
	at java.util.concurrent.ThreadPoolExecutor.runWorker(ThreadPoolExecutor.java:1149)
	at java.util.concurrent.ThreadPoolExecutor$Worker.run(ThreadPoolExecutor.java:624)
	at java.lang.Thread.run(Thread.java:748)

7) Error in custom provider, java.lang.NullPointerException
  while locating com.cognifide.qa.bb.scope.current.CurrentWebElementProvider
  while locating org.openqa.selenium.WebElement annotated with @com.cognifide.qa.bb.qualifier.CurrentScope()
    for field at com.rg.test.pageobjects.WikipediaPage.currentScope(WikipediaPage.java:10)
  while locating com.rg.test.pageobjects.WikipediaPage
    for field at com.rg.test.WikipediaTest.homePage(WikipediaTest.java:18)
  while locating com.rg.test.WikipediaTest
Caused by: java.lang.NullPointerException
	at com.cognifide.qa.bb.scope.current.CurrentWebElementProvider.getTopElement(CurrentWebElementProvider.java:73)
	at com.cognifide.qa.bb.scope.current.CurrentWebElementProvider.get(CurrentWebElementProvider.java:55)
	at com.cognifide.qa.bb.scope.current.CurrentWebElementProvider.get(CurrentWebElementProvider.java:41)
	at com.google.inject.internal.BoundProviderFactory.get(BoundProviderFactory.java:55)
	at com.google.inject.internal.SingleFieldInjector.inject(SingleFieldInjector.java:53)
	at com.google.inject.internal.MembersInjectorImpl.injectMembers(MembersInjectorImpl.java:110)
	at com.google.inject.internal.ConstructorInjector.construct(ConstructorInjector.java:94)
	at com.google.inject.internal.ConstructorBindingImpl$Factory.get(ConstructorBindingImpl.java:254)
	at com.google.inject.internal.SingleFieldInjector.inject(SingleFieldInjector.java:53)
	at com.google.inject.internal.MembersInjectorImpl.injectMembers(MembersInjectorImpl.java:110)
	at com.google.inject.internal.ConstructorInjector.construct(ConstructorInjector.java:94)
	at com.google.inject.internal.ConstructorBindingImpl$Factory.get(ConstructorBindingImpl.java:254)
	at com.google.inject.internal.InjectorImpl$4$1.call(InjectorImpl.java:978)
	at com.google.inject.internal.InjectorImpl.callInContext(InjectorImpl.java:1024)
	at com.google.inject.internal.InjectorImpl$4.get(InjectorImpl.java:974)
	at com.google.inject.internal.InjectorImpl.getInstance(InjectorImpl.java:1013)
	at com.cognifide.qa.bb.junit.TestRunner.createTest(TestRunner.java:97)
	at org.junit.runners.BlockJUnit4ClassRunner$1.runReflectiveCall(BlockJUnit4ClassRunner.java:266)
	at org.junit.internal.runners.model.ReflectiveCallable.run(ReflectiveCallable.java:12)
	at org.junit.runners.BlockJUnit4ClassRunner.methodBlock(BlockJUnit4ClassRunner.java:263)
	at com.cognifide.qa.bb.junit.TestRunner.runMethod(TestRunner.java:167)
	at com.cognifide.qa.bb.junit.TestRunner.runChild(TestRunner.java:127)
	at com.cognifide.qa.bb.junit.TestRunner.runChild(TestRunner.java:61)
	at org.junit.runners.ParentRunner$3.run(ParentRunner.java:290)
	at org.junit.runners.ParentRunner$1.schedule(ParentRunner.java:71)
	at org.junit.runners.ParentRunner.runChildren(ParentRunner.java:288)
	at org.junit.runners.ParentRunner.access$000(ParentRunner.java:58)
	at org.junit.runners.ParentRunner$2.evaluate(ParentRunner.java:268)
	at org.junit.runners.ParentRunner.run(ParentRunner.java:363)
	at com.cognifide.qa.bb.junit.TestRunner.run(TestRunner.java:140)
	at org.junit.runners.Suite.runChild(Suite.java:128)
	at org.junit.runners.Suite.runChild(Suite.java:27)
	at org.junit.runners.ParentRunner$3.run(ParentRunner.java:290)
	at java.util.concurrent.Executors$RunnableAdapter.call(Executors.java:511)
	at java.util.concurrent.FutureTask.run(FutureTask.java:266)
	at java.util.concurrent.Executors$RunnableAdapter.call(Executors.java:511)
	at java.util.concurrent.FutureTask.run(FutureTask.java:266)
	at java.util.concurrent.ThreadPoolExecutor.runWorker(ThreadPoolExecutor.java:1149)
	at java.util.concurrent.ThreadPoolExecutor$Worker.run(ThreadPoolExecutor.java:624)
	at java.lang.Thread.run(Thread.java:748)

8) Error in custom provider, java.lang.NullPointerException
  while locating com.cognifide.qa.bb.scope.current.CurrentWebElementProvider
  while locating org.openqa.selenium.WebElement annotated with @com.cognifide.qa.bb.qualifier.CurrentScope()
    for field at com.rg.test.pageobjects.DefinitionPage.currentScope(DefinitionPage.java:9)
  while locating com.rg.test.pageobjects.DefinitionPage
    for field at com.rg.test.WikipediaTest.definitionPage(WikipediaTest.java:18)
  while locating com.rg.test.WikipediaTest
Caused by: java.lang.NullPointerException
	at com.cognifide.qa.bb.scope.current.CurrentWebElementProvider.getTopElement(CurrentWebElementProvider.java:73)
	at com.cognifide.qa.bb.scope.current.CurrentWebElementProvider.get(CurrentWebElementProvider.java:55)
	at com.cognifide.qa.bb.scope.current.CurrentWebElementProvider.get(CurrentWebElementProvider.java:41)
	at com.google.inject.internal.BoundProviderFactory.get(BoundProviderFactory.java:55)
	at com.google.inject.internal.SingleFieldInjector.inject(SingleFieldInjector.java:53)
	at com.google.inject.internal.MembersInjectorImpl.injectMembers(MembersInjectorImpl.java:110)
	at com.google.inject.internal.ConstructorInjector.construct(ConstructorInjector.java:94)
	at com.google.inject.internal.ConstructorBindingImpl$Factory.get(ConstructorBindingImpl.java:254)
	at com.google.inject.internal.SingleFieldInjector.inject(SingleFieldInjector.java:53)
	at com.google.inject.internal.MembersInjectorImpl.injectMembers(MembersInjectorImpl.java:110)
	at com.google.inject.internal.ConstructorInjector.construct(ConstructorInjector.java:94)
	at com.google.inject.internal.ConstructorBindingImpl$Factory.get(ConstructorBindingImpl.java:254)
	at com.google.inject.internal.InjectorImpl$4$1.call(InjectorImpl.java:978)
	at com.google.inject.internal.InjectorImpl.callInContext(InjectorImpl.java:1024)
	at com.google.inject.internal.InjectorImpl$4.get(InjectorImpl.java:974)
	at com.google.inject.internal.InjectorImpl.getInstance(InjectorImpl.java:1013)
	at com.cognifide.qa.bb.junit.TestRunner.createTest(TestRunner.java:97)
	at org.junit.runners.BlockJUnit4ClassRunner$1.runReflectiveCall(BlockJUnit4ClassRunner.java:266)
	at org.junit.internal.runners.model.ReflectiveCallable.run(ReflectiveCallable.java:12)
	at org.junit.runners.BlockJUnit4ClassRunner.methodBlock(BlockJUnit4ClassRunner.java:263)
	at com.cognifide.qa.bb.junit.TestRunner.runMethod(TestRunner.java:167)
	at com.cognifide.qa.bb.junit.TestRunner.runChild(TestRunner.java:127)
	at com.cognifide.qa.bb.junit.TestRunner.runChild(TestRunner.java:61)
	at org.junit.runners.ParentRunner$3.run(ParentRunner.java:290)
	at org.junit.runners.ParentRunner$1.schedule(ParentRunner.java:71)
	at org.junit.runners.ParentRunner.runChildren(ParentRunner.java:288)
	at org.junit.runners.ParentRunner.access$000(ParentRunner.java:58)
	at org.junit.runners.ParentRunner$2.evaluate(ParentRunner.java:268)
	at org.junit.runners.ParentRunner.run(ParentRunner.java:363)
	at com.cognifide.qa.bb.junit.TestRunner.run(TestRunner.java:140)
	at org.junit.runners.Suite.runChild(Suite.java:128)
	at org.junit.runners.Suite.runChild(Suite.java:27)
	at org.junit.runners.ParentRunner$3.run(ParentRunner.java:290)
	at java.util.concurrent.Executors$RunnableAdapter.call(Executors.java:511)
	at java.util.concurrent.FutureTask.run(FutureTask.java:266)
	at java.util.concurrent.Executors$RunnableAdapter.call(Executors.java:511)
	at java.util.concurrent.FutureTask.run(FutureTask.java:266)
	at java.util.concurrent.ThreadPoolExecutor.runWorker(ThreadPoolExecutor.java:1149)
	at java.util.concurrent.ThreadPoolExecutor$Worker.run(ThreadPoolExecutor.java:624)
	at java.lang.Thread.run(Thread.java:748)

8 errors
	at com.google.inject.internal.InjectorImpl$4.get(InjectorImpl.java:987)
	at com.google.inject.internal.InjectorImpl.getInstance(InjectorImpl.java:1013)
	at com.cognifide.qa.bb.junit.TestRunner.createTest(TestRunner.java:97)
	at org.junit.runners.BlockJUnit4ClassRunner$1.runReflectiveCall(BlockJUnit4ClassRunner.java:266)
	at org.junit.internal.runners.model.ReflectiveCallable.run(ReflectiveCallable.java:12)
	at org.junit.runners.BlockJUnit4ClassRunner.methodBlock(BlockJUnit4ClassRunner.java:263)
	at com.cognifide.qa.bb.junit.TestRunner.runMethod(TestRunner.java:167)
	at com.cognifide.qa.bb.junit.TestRunner.runChild(TestRunner.java:127)
	at com.cognifide.qa.bb.junit.TestRunner.runChild(TestRunner.java:61)
	at org.junit.runners.ParentRunner$3.run(ParentRunner.java:290)
	at org.junit.runners.ParentRunner$1.schedule(ParentRunner.java:71)
	at org.junit.runners.ParentRunner.runChildren(ParentRunner.java:288)
	at org.junit.runners.ParentRunner.access$000(ParentRunner.java:58)
	at org.junit.runners.ParentRunner$2.evaluate(ParentRunner.java:268)
	at org.junit.runners.ParentRunner.run(ParentRunner.java:363)
	at com.cognifide.qa.bb.junit.TestRunner.run(TestRunner.java:140)
	at org.junit.runners.Suite.runChild(Suite.java:128)
	at org.junit.runners.Suite.runChild(Suite.java:27)
	at org.junit.runners.ParentRunner$3.run(ParentRunner.java:290)
	at java.util.concurrent.Executors$RunnableAdapter.call(Executors.java:511)
	at java.util.concurrent.FutureTask.run(FutureTask.java:266)
	at java.util.concurrent.Executors$RunnableAdapter.call(Executors.java:511)
	at java.util.concurrent.FutureTask.run(FutureTask.java:266)
	at java.util.concurrent.ThreadPoolExecutor.runWorker(ThreadPoolExecutor.java:1149)
	at java.util.concurrent.ThreadPoolExecutor$Worker.run(ThreadPoolExecutor.java:624)
	at java.lang.Thread.run(Thread.java:748)
]]></error>
  </testcase>
</testsuite>