17:23:24.608 DEBUG com.cognifide.qa.bb.utils.PropertyUtils:101 - loading properties from: src/main/config/.DS_Store (ie. /Rajeshgopal/garage/pipeline-demo/SeleniumTest/src/main/config/.DS_Store)
17:23:24.631 DEBUG com.cognifide.qa.bb.utils.PropertyUtils:101 - loading properties from: src/main/config/common/proxy.properties (ie. /Rajeshgopal/garage/pipeline-demo/SeleniumTest/src/main/config/common/proxy.properties)
17:23:24.644 DEBUG com.cognifide.qa.bb.utils.PropertyUtils:101 - loading properties from: src/main/config/common/report.properties (ie. /Rajeshgopal/garage/pipeline-demo/SeleniumTest/src/main/config/common/report.properties)
17:23:24.645 DEBUG com.cognifide.qa.bb.utils.PropertyUtils:101 - loading properties from: src/main/config/common/webdriver.properties (ie. /Rajeshgopal/garage/pipeline-demo/SeleniumTest/src/main/config/common/webdriver.properties)
17:23:24.646 DEBUG com.cognifide.qa.bb.utils.PropertyUtils:101 - loading properties from: src/main/config/dev/instances.properties (ie. /Rajeshgopal/garage/pipeline-demo/SeleniumTest/src/main/config/dev/instances.properties)
17:23:24.646 DEBUG com.cognifide.qa.bb.utils.PropertyUtils:101 - loading properties from: src/main/config/integration/instances.properties (ie. /Rajeshgopal/garage/pipeline-demo/SeleniumTest/src/main/config/integration/instances.properties)
17:23:25.974 ERROR com.cognifide.qa.bb.provider.selenium.webdriver.WebDriverType:181 - Illegal type: gecko
java.lang.IllegalArgumentException: No enum constant com.cognifide.qa.bb.provider.selenium.webdriver.WebDriverType.GECKO
	at java.lang.Enum.valueOf(Enum.java:238)
	at com.cognifide.qa.bb.provider.selenium.webdriver.WebDriverType.valueOf(WebDriverType.java:53)
	at com.cognifide.qa.bb.provider.selenium.webdriver.WebDriverType.get(WebDriverType.java:179)
	at com.cognifide.qa.bb.provider.selenium.webdriver.WebDriverProvider.create(WebDriverProvider.java:106)
	at com.cognifide.qa.bb.provider.selenium.webdriver.WebDriverProvider.get(WebDriverProvider.java:98)
	at com.cognifide.qa.bb.provider.selenium.webdriver.WebDriverProvider.get(WebDriverProvider.java:48)
	at com.google.inject.internal.BoundProviderFactory.get(BoundProviderFactory.java:55)
	at com.google.inject.internal.SingleFieldInjector.inject(SingleFieldInjector.java:53)
	at com.google.inject.internal.MembersInjectorImpl.injectMembers(MembersInjectorImpl.java:110)
	at com.google.inject.internal.ConstructorInjector.construct(ConstructorInjector.java:94)
	at com.google.inject.internal.ConstructorBindingImpl$Factory.get(ConstructorBindingImpl.java:254)
	at com.google.inject.internal.BoundProviderFactory.get(BoundProviderFactory.java:53)
	at com.google.inject.internal.SingleFieldInjector.inject(SingleFieldInjector.java:53)
	at com.google.inject.internal.MembersInjectorImpl.injectMembers(MembersInjectorImpl.java:110)
	at com.google.inject.internal.ConstructorInjector.construct(ConstructorInjector.java:94)
	at com.google.inject.internal.ConstructorBindingImpl$Factory.get(ConstructorBindingImpl.java:254)
	at com.google.inject.internal.SingleFieldInjector.inject(SingleFieldInjector.java:53)
	at com.google.inject.internal.MembersInjectorImpl.injectMembers(MembersInjectorImpl.java:110)
	at com.google.inject.internal.ConstructorInjector.construct(ConstructorInjector.java:94)
	at com.google.inject.internal.ConstructorBindingImpl$Factory.get(ConstructorBindingImpl.java:254)
	at com.google.inject.internal.InjectorImpl$4$1.call(InjectorImpl.java:978)
	at com.google.inject.internal.InjectorImpl.callInContext(InjectorImpl.java:1024)
	at com.google.inject.internal.InjectorImpl$4.get(InjectorImpl.java:974)
	at com.google.inject.internal.InjectorImpl.getInstance(InjectorImpl.java:1013)
	at com.cognifide.qa.bb.junit.TestRunner.createTest(TestRunner.java:97)
	at org.junit.runners.BlockJUnit4ClassRunner$1.runReflectiveCall(BlockJUnit4ClassRunner.java:266)
	at org.junit.internal.runners.model.ReflectiveCallable.run(ReflectiveCallable.java:12)
	at org.junit.runners.BlockJUnit4ClassRunner.methodBlock(BlockJUnit4ClassRunner.java:263)
	at com.cognifide.qa.bb.junit.TestRunner.runMethod(TestRunner.java:167)
	at com.cognifide.qa.bb.junit.TestRunner.runChild(TestRunner.java:127)
	at com.cognifide.qa.bb.junit.TestRunner.runChild(TestRunner.java:61)
	at org.junit.runners.ParentRunner$3.run(ParentRunner.java:290)
	at org.junit.runners.ParentRunner$1.schedule(ParentRunner.java:71)
	at org.junit.runners.ParentRunner.runChildren(ParentRunner.java:288)
	at org.junit.runners.ParentRunner.access$000(ParentRunner.java:58)
	at org.junit.runners.ParentRunner$2.evaluate(ParentRunner.java:268)
	at org.junit.runners.ParentRunner.run(ParentRunner.java:363)
	at com.cognifide.qa.bb.junit.TestRunner.run(TestRunner.java:140)
	at org.junit.runners.Suite.runChild(Suite.java:128)
	at org.junit.runners.Suite.runChild(Suite.java:27)
	at org.junit.runners.ParentRunner$3.run(ParentRunner.java:290)
	at java.util.concurrent.Executors$RunnableAdapter.call(Executors.java:511)
	at java.util.concurrent.FutureTask.run(FutureTask.java:266)
	at java.util.concurrent.Executors$RunnableAdapter.call(Executors.java:511)
	at java.util.concurrent.FutureTask.run(FutureTask.java:266)
	at java.util.concurrent.ThreadPoolExecutor.runWorker(ThreadPoolExecutor.java:1149)
	at java.util.concurrent.ThreadPoolExecutor$Worker.run(ThreadPoolExecutor.java:624)
	at java.lang.Thread.run(Thread.java:748)
17:23:26.104 ERROR com.cognifide.qa.bb.provider.selenium.webdriver.WebDriverType:181 - Illegal type: gecko
java.lang.IllegalArgumentException: No enum constant com.cognifide.qa.bb.provider.selenium.webdriver.WebDriverType.GECKO
	at java.lang.Enum.valueOf(Enum.java:238)
	at com.cognifide.qa.bb.provider.selenium.webdriver.WebDriverType.valueOf(WebDriverType.java:53)
	at com.cognifide.qa.bb.provider.selenium.webdriver.WebDriverType.get(WebDriverType.java:179)
	at com.cognifide.qa.bb.provider.selenium.webdriver.WebDriverProvider.create(WebDriverProvider.java:106)
	at com.cognifide.qa.bb.provider.selenium.webdriver.WebDriverProvider.get(WebDriverProvider.java:98)
	at com.cognifide.qa.bb.provider.selenium.webdriver.WebDriverProvider.get(WebDriverProvider.java:48)
	at com.google.inject.internal.BoundProviderFactory.get(BoundProviderFactory.java:55)
	at com.google.inject.internal.SingleFieldInjector.inject(SingleFieldInjector.java:53)
	at com.google.inject.internal.MembersInjectorImpl.injectMembers(MembersInjectorImpl.java:110)
	at com.google.inject.internal.ConstructorInjector.construct(ConstructorInjector.java:94)
	at com.google.inject.internal.ConstructorBindingImpl$Factory.get(ConstructorBindingImpl.java:254)
	at com.google.inject.internal.SingleFieldInjector.inject(SingleFieldInjector.java:53)
	at com.google.inject.internal.MembersInjectorImpl.injectMembers(MembersInjectorImpl.java:110)
	at com.google.inject.internal.ConstructorInjector.construct(ConstructorInjector.java:94)
	at com.google.inject.internal.ConstructorBindingImpl$Factory.get(ConstructorBindingImpl.java:254)
	at com.google.inject.internal.InjectorImpl$4$1.call(InjectorImpl.java:978)
	at com.google.inject.internal.InjectorImpl.callInContext(InjectorImpl.java:1024)
	at com.google.inject.internal.InjectorImpl$4.get(InjectorImpl.java:974)
	at com.google.inject.internal.InjectorImpl.getInstance(InjectorImpl.java:1013)
	at com.cognifide.qa.bb.junit.TestRunner.createTest(TestRunner.java:97)
	at org.junit.runners.BlockJUnit4ClassRunner$1.runReflectiveCall(BlockJUnit4ClassRunner.java:266)
	at org.junit.internal.runners.model.ReflectiveCallable.run(ReflectiveCallable.java:12)
	at org.junit.runners.BlockJUnit4ClassRunner.methodBlock(BlockJUnit4ClassRunner.java:263)
	at com.cognifide.qa.bb.junit.TestRunner.runMethod(TestRunner.java:167)
	at com.cognifide.qa.bb.junit.TestRunner.runChild(TestRunner.java:127)
	at com.cognifide.qa.bb.junit.TestRunner.runChild(TestRunner.java:61)
	at org.junit.runners.ParentRunner$3.run(ParentRunner.java:290)
	at org.junit.runners.ParentRunner$1.schedule(ParentRunner.java:71)
	at org.junit.runners.ParentRunner.runChildren(ParentRunner.java:288)
	at org.junit.runners.ParentRunner.access$000(ParentRunner.java:58)
	at org.junit.runners.ParentRunner$2.evaluate(ParentRunner.java:268)
	at org.junit.runners.ParentRunner.run(ParentRunner.java:363)
	at com.cognifide.qa.bb.junit.TestRunner.run(TestRunner.java:140)
	at org.junit.runners.Suite.runChild(Suite.java:128)
	at org.junit.runners.Suite.runChild(Suite.java:27)
	at org.junit.runners.ParentRunner$3.run(ParentRunner.java:290)
	at java.util.concurrent.Executors$RunnableAdapter.call(Executors.java:511)
	at java.util.concurrent.FutureTask.run(FutureTask.java:266)
	at java.util.concurrent.Executors$RunnableAdapter.call(Executors.java:511)
	at java.util.concurrent.FutureTask.run(FutureTask.java:266)
	at java.util.concurrent.ThreadPoolExecutor.runWorker(ThreadPoolExecutor.java:1149)
	at java.util.concurrent.ThreadPoolExecutor$Worker.run(ThreadPoolExecutor.java:624)
	at java.lang.Thread.run(Thread.java:748)
17:23:26.105 ERROR com.cognifide.qa.bb.provider.selenium.webdriver.WebDriverType:181 - Illegal type: gecko
java.lang.IllegalArgumentException: No enum constant com.cognifide.qa.bb.provider.selenium.webdriver.WebDriverType.GECKO
	at java.lang.Enum.valueOf(Enum.java:238)
	at com.cognifide.qa.bb.provider.selenium.webdriver.WebDriverType.valueOf(WebDriverType.java:53)
	at com.cognifide.qa.bb.provider.selenium.webdriver.WebDriverType.get(WebDriverType.java:179)
	at com.cognifide.qa.bb.provider.selenium.webdriver.WebDriverProvider.create(WebDriverProvider.java:106)
	at com.cognifide.qa.bb.provider.selenium.webdriver.WebDriverProvider.get(WebDriverProvider.java:98)
	at com.cognifide.qa.bb.provider.selenium.webdriver.WebDriverProvider.get(WebDriverProvider.java:48)
	at com.google.inject.internal.BoundProviderFactory.get(BoundProviderFactory.java:55)
	at com.google.inject.internal.InjectorImpl$4$1.call(InjectorImpl.java:978)
	at com.google.inject.internal.InjectorImpl.callInContext(InjectorImpl.java:1031)
	at com.google.inject.internal.InjectorImpl$4.get(InjectorImpl.java:974)
	at com.cognifide.qa.bb.mapper.PageObjectInjectorListener.getCurrentContext(PageObjectInjectorListener.java:148)
	at com.cognifide.qa.bb.mapper.PageObjectInjectorListener.getFramePath(PageObjectInjectorListener.java:97)
	at com.cognifide.qa.bb.mapper.PageObjectInjectorListener.setFramePath(PageObjectInjectorListener.java:90)
	at com.cognifide.qa.bb.mapper.PageObjectInjectorListener.afterInjection(PageObjectInjectorListener.java:83)
	at com.google.inject.internal.MembersInjectorImpl.notifyListeners(MembersInjectorImpl.java:97)
	at com.google.inject.internal.ConstructorInjector.construct(ConstructorInjector.java:95)
	at com.google.inject.internal.ConstructorBindingImpl$Factory.get(ConstructorBindingImpl.java:254)
	at com.google.inject.internal.SingleFieldInjector.inject(SingleFieldInjector.java:53)
	at com.google.inject.internal.MembersInjectorImpl.injectMembers(MembersInjectorImpl.java:110)
	at com.google.inject.internal.ConstructorInjector.construct(ConstructorInjector.java:94)
	at com.google.inject.internal.ConstructorBindingImpl$Factory.get(ConstructorBindingImpl.java:254)
	at com.google.inject.internal.InjectorImpl$4$1.call(InjectorImpl.java:978)
	at com.google.inject.internal.InjectorImpl.callInContext(InjectorImpl.java:1024)
	at com.google.inject.internal.InjectorImpl$4.get(InjectorImpl.java:974)
	at com.google.inject.internal.InjectorImpl.getInstance(InjectorImpl.java:1013)
	at com.cognifide.qa.bb.junit.TestRunner.createTest(TestRunner.java:97)
	at org.junit.runners.BlockJUnit4ClassRunner$1.runReflectiveCall(BlockJUnit4ClassRunner.java:266)
	at org.junit.internal.runners.model.ReflectiveCallable.run(ReflectiveCallable.java:12)
	at org.junit.runners.BlockJUnit4ClassRunner.methodBlock(BlockJUnit4ClassRunner.java:263)
	at com.cognifide.qa.bb.junit.TestRunner.runMethod(TestRunner.java:167)
	at com.cognifide.qa.bb.junit.TestRunner.runChild(TestRunner.java:127)
	at com.cognifide.qa.bb.junit.TestRunner.runChild(TestRunner.java:61)
	at org.junit.runners.ParentRunner$3.run(ParentRunner.java:290)
	at org.junit.runners.ParentRunner$1.schedule(ParentRunner.java:71)
	at org.junit.runners.ParentRunner.runChildren(ParentRunner.java:288)
	at org.junit.runners.ParentRunner.access$000(ParentRunner.java:58)
	at org.junit.runners.ParentRunner$2.evaluate(ParentRunner.java:268)
	at org.junit.runners.ParentRunner.run(ParentRunner.java:363)
	at com.cognifide.qa.bb.junit.TestRunner.run(TestRunner.java:140)
	at org.junit.runners.Suite.runChild(Suite.java:128)
	at org.junit.runners.Suite.runChild(Suite.java:27)
	at org.junit.runners.ParentRunner$3.run(ParentRunner.java:290)
	at java.util.concurrent.Executors$RunnableAdapter.call(Executors.java:511)
	at java.util.concurrent.FutureTask.run(FutureTask.java:266)
	at java.util.concurrent.Executors$RunnableAdapter.call(Executors.java:511)
	at java.util.concurrent.FutureTask.run(FutureTask.java:266)
	at java.util.concurrent.ThreadPoolExecutor.runWorker(ThreadPoolExecutor.java:1149)
	at java.util.concurrent.ThreadPoolExecutor$Worker.run(ThreadPoolExecutor.java:624)
	at java.lang.Thread.run(Thread.java:748)
17:23:26.107 ERROR com.cognifide.qa.bb.provider.selenium.webdriver.WebDriverType:181 - Illegal type: gecko
java.lang.IllegalArgumentException: No enum constant com.cognifide.qa.bb.provider.selenium.webdriver.WebDriverType.GECKO
	at java.lang.Enum.valueOf(Enum.java:238)
	at com.cognifide.qa.bb.provider.selenium.webdriver.WebDriverType.valueOf(WebDriverType.java:53)
	at com.cognifide.qa.bb.provider.selenium.webdriver.WebDriverType.get(WebDriverType.java:179)
	at com.cognifide.qa.bb.provider.selenium.webdriver.WebDriverProvider.create(WebDriverProvider.java:106)
	at com.cognifide.qa.bb.provider.selenium.webdriver.WebDriverProvider.get(WebDriverProvider.java:98)
	at com.cognifide.qa.bb.provider.selenium.webdriver.WebDriverProvider.get(WebDriverProvider.java:48)
	at com.google.inject.internal.BoundProviderFactory.get(BoundProviderFactory.java:55)
	at com.google.inject.internal.SingleFieldInjector.inject(SingleFieldInjector.java:53)
	at com.google.inject.internal.MembersInjectorImpl.injectMembers(MembersInjectorImpl.java:110)
	at com.google.inject.internal.ConstructorInjector.construct(ConstructorInjector.java:94)
	at com.google.inject.internal.ConstructorBindingImpl$Factory.get(ConstructorBindingImpl.java:254)
	at com.google.inject.internal.BoundProviderFactory.get(BoundProviderFactory.java:53)
	at com.google.inject.internal.SingleFieldInjector.inject(SingleFieldInjector.java:53)
	at com.google.inject.internal.MembersInjectorImpl.injectMembers(MembersInjectorImpl.java:110)
	at com.google.inject.internal.ConstructorInjector.construct(ConstructorInjector.java:94)
	at com.google.inject.internal.ConstructorBindingImpl$Factory.get(ConstructorBindingImpl.java:254)
	at com.google.inject.internal.SingleFieldInjector.inject(SingleFieldInjector.java:53)
	at com.google.inject.internal.MembersInjectorImpl.injectMembers(MembersInjectorImpl.java:110)
	at com.google.inject.internal.ConstructorInjector.construct(ConstructorInjector.java:94)
	at com.google.inject.internal.ConstructorBindingImpl$Factory.get(ConstructorBindingImpl.java:254)
	at com.google.inject.internal.InjectorImpl$4$1.call(InjectorImpl.java:978)
	at com.google.inject.internal.InjectorImpl.callInContext(InjectorImpl.java:1024)
	at com.google.inject.internal.InjectorImpl$4.get(InjectorImpl.java:974)
	at com.google.inject.internal.InjectorImpl.getInstance(InjectorImpl.java:1013)
	at com.cognifide.qa.bb.junit.TestRunner.createTest(TestRunner.java:97)
	at org.junit.runners.BlockJUnit4ClassRunner$1.runReflectiveCall(BlockJUnit4ClassRunner.java:266)
	at org.junit.internal.runners.model.ReflectiveCallable.run(ReflectiveCallable.java:12)
	at org.junit.runners.BlockJUnit4ClassRunner.methodBlock(BlockJUnit4ClassRunner.java:263)
	at com.cognifide.qa.bb.junit.TestRunner.runMethod(TestRunner.java:167)
	at com.cognifide.qa.bb.junit.TestRunner.runChild(TestRunner.java:127)
	at com.cognifide.qa.bb.junit.TestRunner.runChild(TestRunner.java:61)
	at org.junit.runners.ParentRunner$3.run(ParentRunner.java:290)
	at org.junit.runners.ParentRunner$1.schedule(ParentRunner.java:71)
	at org.junit.runners.ParentRunner.runChildren(ParentRunner.java:288)
	at org.junit.runners.ParentRunner.access$000(ParentRunner.java:58)
	at org.junit.runners.ParentRunner$2.evaluate(ParentRunner.java:268)
	at org.junit.runners.ParentRunner.run(ParentRunner.java:363)
	at com.cognifide.qa.bb.junit.TestRunner.run(TestRunner.java:140)
	at org.junit.runners.Suite.runChild(Suite.java:128)
	at org.junit.runners.Suite.runChild(Suite.java:27)
	at org.junit.runners.ParentRunner$3.run(ParentRunner.java:290)
	at java.util.concurrent.Executors$RunnableAdapter.call(Executors.java:511)
	at java.util.concurrent.FutureTask.run(FutureTask.java:266)
	at java.util.concurrent.Executors$RunnableAdapter.call(Executors.java:511)
	at java.util.concurrent.FutureTask.run(FutureTask.java:266)
	at java.util.concurrent.ThreadPoolExecutor.runWorker(ThreadPoolExecutor.java:1149)
	at java.util.concurrent.ThreadPoolExecutor$Worker.run(ThreadPoolExecutor.java:624)
	at java.lang.Thread.run(Thread.java:748)
17:23:26.108 ERROR com.cognifide.qa.bb.provider.selenium.webdriver.WebDriverType:181 - Illegal type: gecko
java.lang.IllegalArgumentException: No enum constant com.cognifide.qa.bb.provider.selenium.webdriver.WebDriverType.GECKO
	at java.lang.Enum.valueOf(Enum.java:238)
	at com.cognifide.qa.bb.provider.selenium.webdriver.WebDriverType.valueOf(WebDriverType.java:53)
	at com.cognifide.qa.bb.provider.selenium.webdriver.WebDriverType.get(WebDriverType.java:179)
	at com.cognifide.qa.bb.provider.selenium.webdriver.WebDriverProvider.create(WebDriverProvider.java:106)
	at com.cognifide.qa.bb.provider.selenium.webdriver.WebDriverProvider.get(WebDriverProvider.java:98)
	at com.cognifide.qa.bb.provider.selenium.webdriver.WebDriverProvider.get(WebDriverProvider.java:48)
	at com.google.inject.internal.BoundProviderFactory.get(BoundProviderFactory.java:55)
	at com.google.inject.internal.InjectorImpl$4$1.call(InjectorImpl.java:978)
	at com.google.inject.internal.InjectorImpl.callInContext(InjectorImpl.java:1031)
	at com.google.inject.internal.InjectorImpl$4.get(InjectorImpl.java:974)
	at com.cognifide.qa.bb.mapper.PageObjectInjectorListener.getCurrentContext(PageObjectInjectorListener.java:148)
	at com.cognifide.qa.bb.mapper.PageObjectInjectorListener.getFramePath(PageObjectInjectorListener.java:97)
	at com.cognifide.qa.bb.mapper.PageObjectInjectorListener.setFramePath(PageObjectInjectorListener.java:90)
	at com.cognifide.qa.bb.mapper.PageObjectInjectorListener.afterInjection(PageObjectInjectorListener.java:83)
	at com.google.inject.internal.MembersInjectorImpl.notifyListeners(MembersInjectorImpl.java:97)
	at com.google.inject.internal.ConstructorInjector.construct(ConstructorInjector.java:95)
	at com.google.inject.internal.ConstructorBindingImpl$Factory.get(ConstructorBindingImpl.java:254)
	at com.google.inject.internal.SingleFieldInjector.inject(SingleFieldInjector.java:53)
	at com.google.inject.internal.MembersInjectorImpl.injectMembers(MembersInjectorImpl.java:110)
	at com.google.inject.internal.ConstructorInjector.construct(ConstructorInjector.java:94)
	at com.google.inject.internal.ConstructorBindingImpl$Factory.get(ConstructorBindingImpl.java:254)
	at com.google.inject.internal.InjectorImpl$4$1.call(InjectorImpl.java:978)
	at com.google.inject.internal.InjectorImpl.callInContext(InjectorImpl.java:1024)
	at com.google.inject.internal.InjectorImpl$4.get(InjectorImpl.java:974)
	at com.google.inject.internal.InjectorImpl.getInstance(InjectorImpl.java:1013)
	at com.cognifide.qa.bb.junit.TestRunner.createTest(TestRunner.java:97)
	at org.junit.runners.BlockJUnit4ClassRunner$1.runReflectiveCall(BlockJUnit4ClassRunner.java:266)
	at org.junit.internal.runners.model.ReflectiveCallable.run(ReflectiveCallable.java:12)
	at org.junit.runners.BlockJUnit4ClassRunner.methodBlock(BlockJUnit4ClassRunner.java:263)
	at com.cognifide.qa.bb.junit.TestRunner.runMethod(TestRunner.java:167)
	at com.cognifide.qa.bb.junit.TestRunner.runChild(TestRunner.java:127)
	at com.cognifide.qa.bb.junit.TestRunner.runChild(TestRunner.java:61)
	at org.junit.runners.ParentRunner$3.run(ParentRunner.java:290)
	at org.junit.runners.ParentRunner$1.schedule(ParentRunner.java:71)
	at org.junit.runners.ParentRunner.runChildren(ParentRunner.java:288)
	at org.junit.runners.ParentRunner.access$000(ParentRunner.java:58)
	at org.junit.runners.ParentRunner$2.evaluate(ParentRunner.java:268)
	at org.junit.runners.ParentRunner.run(ParentRunner.java:363)
	at com.cognifide.qa.bb.junit.TestRunner.run(TestRunner.java:140)
	at org.junit.runners.Suite.runChild(Suite.java:128)
	at org.junit.runners.Suite.runChild(Suite.java:27)
	at org.junit.runners.ParentRunner$3.run(ParentRunner.java:290)
	at java.util.concurrent.Executors$RunnableAdapter.call(Executors.java:511)
	at java.util.concurrent.FutureTask.run(FutureTask.java:266)
	at java.util.concurrent.Executors$RunnableAdapter.call(Executors.java:511)
	at java.util.concurrent.FutureTask.run(FutureTask.java:266)
	at java.util.concurrent.ThreadPoolExecutor.runWorker(ThreadPoolExecutor.java:1149)
	at java.util.concurrent.ThreadPoolExecutor$Worker.run(ThreadPoolExecutor.java:624)
	at java.lang.Thread.run(Thread.java:748)
17:23:35.574 INFO  com.cognifide.qa.bb.junit.concurrent.ReportingHandler:146 - bound reporters sets: 1
17:23:35.575 DEBUG com.cognifide.qa.bb.junit.concurrent.ReportingHandler:155 - reporters for provider: 'Key[type=com.cognifide.qa.bb.logging.reporter.provider.ReporterProvider, annotation=[none]][Scopes.SINGLETON]':
	com.cognifide.qa.bb.logging.reporter.HtmlReporter@1a245833
	com.cognifide.qa.bb.logging.reporter.JsonReporter@4e5ed836
	com.cognifide.qa.bb.logging.reporter.SimpleReporter@5745ca0e
	com.cognifide.qa.bb.logging.reporter.StdoutReporter@17bffc17
